{"/Users/marcolupi/DevPrj/sismochat_api/app.js": {"path":"/Users/marcolupi/DevPrj/sismochat_api/app.js","statementMap":{"0":{"start":{"line":1,"column":16},"end":{"line":1,"column":34}},"1":{"start":{"line":2,"column":15},"end":{"line":2,"column":32}},"2":{"start":{"line":3,"column":13},"end":{"line":3,"column":28}},"3":{"start":{"line":4,"column":18},"end":{"line":4,"column":47}},"4":{"start":{"line":5,"column":12},"end":{"line":5,"column":21}},"5":{"start":{"line":6,"column":18},"end":{"line":6,"column":47}},"6":{"start":{"line":7,"column":20},"end":{"line":7,"column":52}},"7":{"start":{"line":10,"column":0},"end":{"line":10,"column":18}},"8":{"start":{"line":13,"column":0},"end":{"line":17,"column":4}},"9":{"start":{"line":20,"column":20},"end":{"line":24,"column":2}},"10":{"start":{"line":26,"column":0},"end":{"line":26,"column":48}},"11":{"start":{"line":27,"column":0},"end":{"line":27,"column":40}},"12":{"start":{"line":30,"column":11},"end":{"line":30,"column":27}},"13":{"start":{"line":31,"column":0},"end":{"line":31,"column":59}},"14":{"start":{"line":32,"column":0},"end":{"line":32,"column":50}},"15":{"start":{"line":33,"column":0},"end":{"line":33,"column":46}},"16":{"start":{"line":34,"column":0},"end":{"line":34,"column":52}},"17":{"start":{"line":35,"column":0},"end":{"line":35,"column":58}},"18":{"start":{"line":36,"column":0},"end":{"line":36,"column":50}},"19":{"start":{"line":37,"column":0},"end":{"line":37,"column":50}},"20":{"start":{"line":38,"column":0},"end":{"line":38,"column":46}},"21":{"start":{"line":40,"column":0},"end":{"line":40,"column":23}},"22":{"start":{"line":42,"column":0},"end":{"line":49,"column":3}},"23":{"start":{"line":43,"column":4},"end":{"line":48,"column":5}},"24":{"start":{"line":44,"column":8},"end":{"line":44,"column":59}},"25":{"start":{"line":45,"column":8},"end":{"line":45,"column":91}},"26":{"start":{"line":47,"column":8},"end":{"line":47,"column":82}},"27":{"start":{"line":51,"column":0},"end":{"line":51,"column":63}},"28":{"start":{"line":54,"column":0},"end":{"line":60,"column":3}},"29":{"start":{"line":55,"column":4},"end":{"line":55,"column":36}},"30":{"start":{"line":56,"column":4},"end":{"line":59,"column":7}},"31":{"start":{"line":62,"column":0},"end":{"line":62,"column":21}}},"fnMap":{"0":{"name":"(anonymous_0)","decl":{"start":{"line":42,"column":19},"end":{"line":42,"column":20}},"loc":{"start":{"line":42,"column":40},"end":{"line":49,"column":1}},"line":42},"1":{"name":"(anonymous_1)","decl":{"start":{"line":54,"column":8},"end":{"line":54,"column":9}},"loc":{"start":{"line":54,"column":34},"end":{"line":60,"column":1}},"line":54}},"branchMap":{"0":{"loc":{"start":{"line":14,"column":12},"end":{"line":14,"column":42}},"type":"binary-expr","locations":[{"start":{"line":14,"column":12},"end":{"line":14,"column":35}},{"start":{"line":14,"column":39},"end":{"line":14,"column":42}}],"line":14},"1":{"loc":{"start":{"line":55,"column":18},"end":{"line":55,"column":34}},"type":"binary-expr","locations":[{"start":{"line":55,"column":18},"end":{"line":55,"column":27}},{"start":{"line":55,"column":31},"end":{"line":55,"column":34}}],"line":55},"2":{"loc":{"start":{"line":56,"column":15},"end":{"line":56,"column":32}},"type":"binary-expr","locations":[{"start":{"line":56,"column":15},"end":{"line":56,"column":25}},{"start":{"line":56,"column":29},"end":{"line":56,"column":32}}],"line":56},"3":{"loc":{"start":{"line":58,"column":17},"end":{"line":58,"column":94}},"type":"cond-expr","locations":[{"start":{"line":58,"column":57},"end":{"line":58,"column":80}},{"start":{"line":58,"column":83},"end":{"line":58,"column":94}}],"line":58}},"s":{"0":5,"1":5,"2":5,"3":5,"4":5,"5":5,"6":5,"7":5,"8":5,"9":5,"10":5,"11":5,"12":5,"13":5,"14":5,"15":5,"16":5,"17":5,"18":5,"19":5,"20":5,"21":5,"22":5,"23":2,"24":2,"25":1,"26":1,"27":5,"28":5,"29":0,"30":0,"31":5},"f":{"0":2,"1":0},"b":{"0":[5,5],"1":[0,0],"2":[0,0],"3":[0,0]},"_coverageSchema":"1a1c01bbd47fc00a2c39e90264f33305004495a9","hash":"452aa33b4cc81e40df145f8480693049db7927b9"}
,"/Users/marcolupi/DevPrj/sismochat_api/util.js": {"path":"/Users/marcolupi/DevPrj/sismochat_api/util.js","statementMap":{"0":{"start":{"line":1,"column":11},"end":{"line":88,"column":1}},"1":{"start":{"line":19,"column":18},"end":{"line":19,"column":101}},"2":{"start":{"line":20,"column":8},"end":{"line":20,"column":19}},"3":{"start":{"line":24,"column":18},"end":{"line":24,"column":93}},"4":{"start":{"line":25,"column":8},"end":{"line":25,"column":19}},"5":{"start":{"line":29,"column":26},"end":{"line":29,"column":106}},"6":{"start":{"line":30,"column":8},"end":{"line":30,"column":44}},"7":{"start":{"line":34,"column":18},"end":{"line":34,"column":83}},"8":{"start":{"line":35,"column":8},"end":{"line":35,"column":18}},"9":{"start":{"line":39,"column":8},"end":{"line":41,"column":11}},"10":{"start":{"line":40,"column":12},"end":{"line":40,"column":32}},"11":{"start":{"line":45,"column":8},"end":{"line":47,"column":11}},"12":{"start":{"line":46,"column":12},"end":{"line":46,"column":32}},"13":{"start":{"line":51,"column":8},"end":{"line":53,"column":11}},"14":{"start":{"line":52,"column":12},"end":{"line":52,"column":32}},"15":{"start":{"line":57,"column":8},"end":{"line":67,"column":11}},"16":{"start":{"line":58,"column":23},"end":{"line":58,"column":25}},"17":{"start":{"line":59,"column":12},"end":{"line":65,"column":13}},"18":{"start":{"line":60,"column":26},"end":{"line":63,"column":17}},"19":{"start":{"line":64,"column":16},"end":{"line":64,"column":31}},"20":{"start":{"line":66,"column":12},"end":{"line":66,"column":24}},"21":{"start":{"line":71,"column":8},"end":{"line":77,"column":11}},"22":{"start":{"line":72,"column":12},"end":{"line":76,"column":13}},"23":{"start":{"line":73,"column":16},"end":{"line":73,"column":30}},"24":{"start":{"line":75,"column":16},"end":{"line":75,"column":29}},"25":{"start":{"line":82,"column":8},"end":{"line":82,"column":63}},"26":{"start":{"line":86,"column":8},"end":{"line":86,"column":53}},"27":{"start":{"line":90,"column":0},"end":{"line":90,"column":22}}},"fnMap":{"0":{"name":"(anonymous_0)","decl":{"start":{"line":18,"column":15},"end":{"line":18,"column":16}},"loc":{"start":{"line":18,"column":35},"end":{"line":21,"column":5}},"line":18},"1":{"name":"(anonymous_1)","decl":{"start":{"line":23,"column":15},"end":{"line":23,"column":16}},"loc":{"start":{"line":23,"column":35},"end":{"line":26,"column":5}},"line":23},"2":{"name":"(anonymous_2)","decl":{"start":{"line":28,"column":16},"end":{"line":28,"column":17}},"loc":{"start":{"line":28,"column":36},"end":{"line":31,"column":5}},"line":28},"3":{"name":"(anonymous_3)","decl":{"start":{"line":33,"column":16},"end":{"line":33,"column":17}},"loc":{"start":{"line":33,"column":42},"end":{"line":36,"column":5}},"line":33},"4":{"name":"(anonymous_4)","decl":{"start":{"line":38,"column":16},"end":{"line":38,"column":17}},"loc":{"start":{"line":38,"column":34},"end":{"line":42,"column":5}},"line":38},"5":{"name":"(anonymous_5)","decl":{"start":{"line":39,"column":72},"end":{"line":39,"column":73}},"loc":{"start":{"line":39,"column":77},"end":{"line":41,"column":9}},"line":39},"6":{"name":"(anonymous_6)","decl":{"start":{"line":44,"column":18},"end":{"line":44,"column":19}},"loc":{"start":{"line":44,"column":36},"end":{"line":48,"column":5}},"line":44},"7":{"name":"(anonymous_7)","decl":{"start":{"line":45,"column":74},"end":{"line":45,"column":75}},"loc":{"start":{"line":45,"column":79},"end":{"line":47,"column":9}},"line":45},"8":{"name":"(anonymous_8)","decl":{"start":{"line":50,"column":23},"end":{"line":50,"column":24}},"loc":{"start":{"line":50,"column":40},"end":{"line":54,"column":5}},"line":50},"9":{"name":"(anonymous_9)","decl":{"start":{"line":51,"column":94},"end":{"line":51,"column":95}},"loc":{"start":{"line":51,"column":99},"end":{"line":53,"column":9}},"line":51},"10":{"name":"(anonymous_10)","decl":{"start":{"line":56,"column":21},"end":{"line":56,"column":22}},"loc":{"start":{"line":56,"column":39},"end":{"line":68,"column":5}},"line":56},"11":{"name":"(anonymous_11)","decl":{"start":{"line":57,"column":94},"end":{"line":57,"column":95}},"loc":{"start":{"line":57,"column":99},"end":{"line":67,"column":9}},"line":57},"12":{"name":"(anonymous_12)","decl":{"start":{"line":70,"column":17},"end":{"line":70,"column":18}},"loc":{"start":{"line":70,"column":35},"end":{"line":79,"column":5}},"line":70},"13":{"name":"(anonymous_13)","decl":{"start":{"line":71,"column":72},"end":{"line":71,"column":73}},"loc":{"start":{"line":71,"column":77},"end":{"line":77,"column":9}},"line":71},"14":{"name":"(anonymous_14)","decl":{"start":{"line":81,"column":10},"end":{"line":81,"column":11}},"loc":{"start":{"line":81,"column":27},"end":{"line":83,"column":5}},"line":81},"15":{"name":"(anonymous_15)","decl":{"start":{"line":85,"column":10},"end":{"line":85,"column":11}},"loc":{"start":{"line":85,"column":25},"end":{"line":87,"column":5}},"line":85}},"branchMap":{"0":{"loc":{"start":{"line":72,"column":12},"end":{"line":76,"column":13}},"type":"if","locations":[{"start":{"line":72,"column":12},"end":{"line":76,"column":13}},{"start":{"line":74,"column":19},"end":{"line":76,"column":13}}],"line":72}},"s":{"0":5,"1":0,"2":0,"3":4,"4":4,"5":10,"6":10,"7":0,"8":0,"9":30,"10":30,"11":8,"12":8,"13":4,"14":4,"15":8,"16":8,"17":8,"18":28,"19":28,"20":8,"21":8,"22":8,"23":8,"24":0,"25":8,"26":9,"27":5},"f":{"0":0,"1":4,"2":10,"3":0,"4":30,"5":30,"6":8,"7":8,"8":4,"9":4,"10":8,"11":8,"12":8,"13":8,"14":8,"15":9},"b":{"0":[8,0]},"_coverageSchema":"1a1c01bbd47fc00a2c39e90264f33305004495a9","hash":"8e8b6fbe016a6a1bea9df7fbd82fcc4785132f88"}
,"/Users/marcolupi/DevPrj/sismochat_api/middleware/auth.js": {"path":"/Users/marcolupi/DevPrj/sismochat_api/middleware/auth.js","statementMap":{"0":{"start":{"line":1,"column":12},"end":{"line":1,"column":35}},"1":{"start":{"line":3,"column":0},"end":{"line":5,"column":1}},"2":{"start":{"line":4,"column":4},"end":{"line":4,"column":74}},"3":{"start":{"line":7,"column":15},"end":{"line":7,"column":37}},"4":{"start":{"line":11,"column":19},"end":{"line":11,"column":47}},"5":{"start":{"line":12,"column":4},"end":{"line":14,"column":5}},"6":{"start":{"line":13,"column":8},"end":{"line":13,"column":88}},"7":{"start":{"line":15,"column":18},"end":{"line":15,"column":38}},"8":{"start":{"line":16,"column":4},"end":{"line":22,"column":7}},"9":{"start":{"line":17,"column":8},"end":{"line":19,"column":9}},"10":{"start":{"line":18,"column":12},"end":{"line":18,"column":45}},"11":{"start":{"line":20,"column":8},"end":{"line":20,"column":27}},"12":{"start":{"line":21,"column":8},"end":{"line":21,"column":15}},"13":{"start":{"line":27,"column":4},"end":{"line":32,"column":6}},"14":{"start":{"line":28,"column":8},"end":{"line":30,"column":9}},"15":{"start":{"line":29,"column":12},"end":{"line":29,"column":82}},"16":{"start":{"line":31,"column":8},"end":{"line":31,"column":15}},"17":{"start":{"line":35,"column":0},"end":{"line":35,"column":45}}},"fnMap":{"0":{"name":"authenticate","decl":{"start":{"line":10,"column":9},"end":{"line":10,"column":21}},"loc":{"start":{"line":10,"column":38},"end":{"line":23,"column":1}},"line":10},"1":{"name":"(anonymous_1)","decl":{"start":{"line":16,"column":30},"end":{"line":16,"column":31}},"loc":{"start":{"line":16,"column":48},"end":{"line":22,"column":5}},"line":16},"2":{"name":"authorize","decl":{"start":{"line":26,"column":9},"end":{"line":26,"column":18}},"loc":{"start":{"line":26,"column":32},"end":{"line":33,"column":1}},"line":26},"3":{"name":"(anonymous_3)","decl":{"start":{"line":27,"column":11},"end":{"line":27,"column":12}},"loc":{"start":{"line":27,"column":31},"end":{"line":32,"column":5}},"line":27}},"branchMap":{"0":{"loc":{"start":{"line":3,"column":0},"end":{"line":5,"column":1}},"type":"if","locations":[{"start":{"line":3,"column":0},"end":{"line":5,"column":1}},{"start":{},"end":{}}],"line":3},"1":{"loc":{"start":{"line":12,"column":4},"end":{"line":14,"column":5}},"type":"if","locations":[{"start":{"line":12,"column":4},"end":{"line":14,"column":5}},{"start":{},"end":{}}],"line":12},"2":{"loc":{"start":{"line":17,"column":8},"end":{"line":19,"column":9}},"type":"if","locations":[{"start":{"line":17,"column":8},"end":{"line":19,"column":9}},{"start":{},"end":{}}],"line":17},"3":{"loc":{"start":{"line":28,"column":8},"end":{"line":30,"column":9}},"type":"if","locations":[{"start":{"line":28,"column":8},"end":{"line":30,"column":9}},{"start":{},"end":{}}],"line":28}},"s":{"0":5,"1":5,"2":0,"3":5,"4":67,"5":67,"6":12,"7":55,"8":55,"9":55,"10":0,"11":55,"12":55,"13":105,"14":49,"15":4,"16":45,"17":5},"f":{"0":67,"1":55,"2":105,"3":49},"b":{"0":[0,5],"1":[12,55],"2":[0,55],"3":[4,45]},"_coverageSchema":"1a1c01bbd47fc00a2c39e90264f33305004495a9","hash":"396d6edc65f634b07a189e6dd0ad012a7b15f200"}
,"/Users/marcolupi/DevPrj/sismochat_api/models/connections.js": {"path":"/Users/marcolupi/DevPrj/sismochat_api/models/connections.js","statementMap":{"0":{"start":{"line":2,"column":13},"end":{"line":2,"column":28}},"1":{"start":{"line":3,"column":18},"end":{"line":3,"column":38}},"2":{"start":{"line":4,"column":0},"end":{"line":21,"column":2}},"3":{"start":{"line":7,"column":6},"end":{"line":7,"column":83}},"4":{"start":{"line":8,"column":6},"end":{"line":8,"column":78}},"5":{"start":{"line":11,"column":2},"end":{"line":18,"column":5}},"6":{"start":{"line":19,"column":2},"end":{"line":19,"column":66}},"7":{"start":{"line":19,"column":34},"end":{"line":19,"column":62}},"8":{"start":{"line":19,"column":45},"end":{"line":19,"column":62}},"9":{"start":{"line":20,"column":2},"end":{"line":20,"column":21}}},"fnMap":{"0":{"name":"(anonymous_0)","decl":{"start":{"line":4,"column":17},"end":{"line":4,"column":18}},"loc":{"start":{"line":4,"column":43},"end":{"line":21,"column":1}},"line":4},"1":{"name":"(anonymous_1)","decl":{"start":{"line":6,"column":4},"end":{"line":6,"column":5}},"loc":{"start":{"line":6,"column":29},"end":{"line":9,"column":5}},"line":6},"2":{"name":"(anonymous_2)","decl":{"start":{"line":19,"column":27},"end":{"line":19,"column":28}},"loc":{"start":{"line":19,"column":32},"end":{"line":19,"column":64}},"line":19}},"branchMap":{"0":{"loc":{"start":{"line":19,"column":34},"end":{"line":19,"column":62}},"type":"if","locations":[{"start":{"line":19,"column":34},"end":{"line":19,"column":62}},{"start":{},"end":{}}],"line":19}},"s":{"0":5,"1":5,"2":5,"3":5,"4":5,"5":5,"6":5,"7":7,"8":2,"9":5},"f":{"0":5,"1":5,"2":7},"b":{"0":[2,5]},"_coverageSchema":"1a1c01bbd47fc00a2c39e90264f33305004495a9","hash":"21ec3ea974ce57398b8baf6ff4c97cf65d4df020"}
,"/Users/marcolupi/DevPrj/sismochat_api/models/devices.js": {"path":"/Users/marcolupi/DevPrj/sismochat_api/models/devices.js","statementMap":{"0":{"start":{"line":2,"column":13},"end":{"line":2,"column":28}},"1":{"start":{"line":3,"column":18},"end":{"line":3,"column":38}},"2":{"start":{"line":4,"column":0},"end":{"line":18,"column":2}},"3":{"start":{"line":7,"column":6},"end":{"line":7,"column":76}},"4":{"start":{"line":10,"column":2},"end":{"line":15,"column":5}},"5":{"start":{"line":16,"column":2},"end":{"line":16,"column":62}},"6":{"start":{"line":16,"column":30},"end":{"line":16,"column":58}},"7":{"start":{"line":16,"column":41},"end":{"line":16,"column":58}},"8":{"start":{"line":17,"column":2},"end":{"line":17,"column":17}}},"fnMap":{"0":{"name":"(anonymous_0)","decl":{"start":{"line":4,"column":17},"end":{"line":4,"column":18}},"loc":{"start":{"line":4,"column":43},"end":{"line":18,"column":1}},"line":4},"1":{"name":"(anonymous_1)","decl":{"start":{"line":6,"column":4},"end":{"line":6,"column":5}},"loc":{"start":{"line":6,"column":29},"end":{"line":8,"column":5}},"line":6},"2":{"name":"(anonymous_2)","decl":{"start":{"line":16,"column":23},"end":{"line":16,"column":24}},"loc":{"start":{"line":16,"column":28},"end":{"line":16,"column":60}},"line":16}},"branchMap":{"0":{"loc":{"start":{"line":16,"column":30},"end":{"line":16,"column":58}},"type":"if","locations":[{"start":{"line":16,"column":30},"end":{"line":16,"column":58}},{"start":{},"end":{}}],"line":16}},"s":{"0":5,"1":5,"2":5,"3":5,"4":5,"5":5,"6":8,"7":5,"8":5},"f":{"0":5,"1":5,"2":8},"b":{"0":[5,3]},"_coverageSchema":"1a1c01bbd47fc00a2c39e90264f33305004495a9","hash":"91b8113b4f474df9855964f98ed3210aa919fc87"}
,"/Users/marcolupi/DevPrj/sismochat_api/models/index.js": {"path":"/Users/marcolupi/DevPrj/sismochat_api/models/index.js","statementMap":{"0":{"start":{"line":2,"column":0},"end":{"line":2,"column":27}},"1":{"start":{"line":3,"column":11},"end":{"line":3,"column":24}},"2":{"start":{"line":4,"column":13},"end":{"line":4,"column":28}},"3":{"start":{"line":5,"column":18},"end":{"line":5,"column":38}},"4":{"start":{"line":6,"column":17},"end":{"line":6,"column":42}},"5":{"start":{"line":7,"column":12},"end":{"line":7,"column":49}},"6":{"start":{"line":8,"column":15},"end":{"line":8,"column":65}},"7":{"start":{"line":9,"column":11},"end":{"line":9,"column":13}},"8":{"start":{"line":12,"column":0},"end":{"line":16,"column":1}},"9":{"start":{"line":13,"column":2},"end":{"line":13,"column":74}},"10":{"start":{"line":15,"column":2},"end":{"line":15,"column":87}},"11":{"start":{"line":18,"column":0},"end":{"line":26,"column":5}},"12":{"start":{"line":21,"column":4},"end":{"line":21,"column":90}},"13":{"start":{"line":24,"column":18},"end":{"line":24,"column":85}},"14":{"start":{"line":25,"column":4},"end":{"line":25,"column":27}},"15":{"start":{"line":28,"column":0},"end":{"line":32,"column":3}},"16":{"start":{"line":29,"column":2},"end":{"line":31,"column":3}},"17":{"start":{"line":30,"column":4},"end":{"line":30,"column":32}},"18":{"start":{"line":34,"column":0},"end":{"line":34,"column":25}},"19":{"start":{"line":35,"column":0},"end":{"line":35,"column":25}},"20":{"start":{"line":37,"column":0},"end":{"line":37,"column":20}}},"fnMap":{"0":{"name":"(anonymous_0)","decl":{"start":{"line":20,"column":10},"end":{"line":20,"column":11}},"loc":{"start":{"line":20,"column":18},"end":{"line":22,"column":3}},"line":20},"1":{"name":"(anonymous_1)","decl":{"start":{"line":23,"column":11},"end":{"line":23,"column":12}},"loc":{"start":{"line":23,"column":19},"end":{"line":26,"column":3}},"line":23},"2":{"name":"(anonymous_2)","decl":{"start":{"line":28,"column":24},"end":{"line":28,"column":25}},"loc":{"start":{"line":28,"column":37},"end":{"line":32,"column":1}},"line":28}},"branchMap":{"0":{"loc":{"start":{"line":7,"column":12},"end":{"line":7,"column":49}},"type":"binary-expr","locations":[{"start":{"line":7,"column":12},"end":{"line":7,"column":32}},{"start":{"line":7,"column":36},"end":{"line":7,"column":49}}],"line":7},"1":{"loc":{"start":{"line":12,"column":0},"end":{"line":16,"column":1}},"type":"if","locations":[{"start":{"line":12,"column":0},"end":{"line":16,"column":1}},{"start":{"line":14,"column":7},"end":{"line":16,"column":1}}],"line":12},"2":{"loc":{"start":{"line":21,"column":11},"end":{"line":21,"column":89}},"type":"binary-expr","locations":[{"start":{"line":21,"column":12},"end":{"line":21,"column":35}},{"start":{"line":21,"column":41},"end":{"line":21,"column":58}},{"start":{"line":21,"column":64},"end":{"line":21,"column":88}}],"line":21},"3":{"loc":{"start":{"line":29,"column":2},"end":{"line":31,"column":3}},"type":"if","locations":[{"start":{"line":29,"column":2},"end":{"line":31,"column":3}},{"start":{},"end":{}}],"line":29}},"s":{"0":5,"1":5,"2":5,"3":5,"4":5,"5":5,"6":5,"7":5,"8":5,"9":0,"10":5,"11":5,"12":30,"13":25,"14":25,"15":5,"16":25,"17":25,"18":5,"19":5,"20":5},"f":{"0":30,"1":25,"2":25},"b":{"0":[5,0],"1":[0,5],"2":[30,30,25],"3":[25,0]},"_coverageSchema":"1a1c01bbd47fc00a2c39e90264f33305004495a9","hash":"2b036a0f866ae5938f903ee38fe027e49ec0db19"}
,"/Users/marcolupi/DevPrj/sismochat_api/models/messages.js": {"path":"/Users/marcolupi/DevPrj/sismochat_api/models/messages.js","statementMap":{"0":{"start":{"line":2,"column":13},"end":{"line":2,"column":28}},"1":{"start":{"line":3,"column":18},"end":{"line":3,"column":38}},"2":{"start":{"line":4,"column":0},"end":{"line":23,"column":2}},"3":{"start":{"line":7,"column":6},"end":{"line":7,"column":77}},"4":{"start":{"line":8,"column":6},"end":{"line":8,"column":78}},"5":{"start":{"line":11,"column":2},"end":{"line":20,"column":5}},"6":{"start":{"line":21,"column":2},"end":{"line":21,"column":63}},"7":{"start":{"line":21,"column":31},"end":{"line":21,"column":59}},"8":{"start":{"line":21,"column":42},"end":{"line":21,"column":59}},"9":{"start":{"line":22,"column":2},"end":{"line":22,"column":18}}},"fnMap":{"0":{"name":"(anonymous_0)","decl":{"start":{"line":4,"column":17},"end":{"line":4,"column":18}},"loc":{"start":{"line":4,"column":43},"end":{"line":23,"column":1}},"line":4},"1":{"name":"(anonymous_1)","decl":{"start":{"line":6,"column":4},"end":{"line":6,"column":5}},"loc":{"start":{"line":6,"column":29},"end":{"line":9,"column":5}},"line":6},"2":{"name":"(anonymous_2)","decl":{"start":{"line":21,"column":24},"end":{"line":21,"column":25}},"loc":{"start":{"line":21,"column":29},"end":{"line":21,"column":61}},"line":21}},"branchMap":{"0":{"loc":{"start":{"line":21,"column":31},"end":{"line":21,"column":59}},"type":"if","locations":[{"start":{"line":21,"column":31},"end":{"line":21,"column":59}},{"start":{},"end":{}}],"line":21}},"s":{"0":5,"1":5,"2":5,"3":5,"4":5,"5":5,"6":5,"7":7,"8":7,"9":5},"f":{"0":5,"1":5,"2":7},"b":{"0":[7,0]},"_coverageSchema":"1a1c01bbd47fc00a2c39e90264f33305004495a9","hash":"035cd9fa85aa345ba1b98943336a1c36c2decf98"}
,"/Users/marcolupi/DevPrj/sismochat_api/models/parents.js": {"path":"/Users/marcolupi/DevPrj/sismochat_api/models/parents.js","statementMap":{"0":{"start":{"line":2,"column":13},"end":{"line":2,"column":28}},"1":{"start":{"line":3,"column":18},"end":{"line":3,"column":38}},"2":{"start":{"line":4,"column":0},"end":{"line":22,"column":2}},"3":{"start":{"line":7,"column":6},"end":{"line":7,"column":78}},"4":{"start":{"line":10,"column":2},"end":{"line":19,"column":5}},"5":{"start":{"line":20,"column":2},"end":{"line":20,"column":62}},"6":{"start":{"line":20,"column":30},"end":{"line":20,"column":58}},"7":{"start":{"line":20,"column":41},"end":{"line":20,"column":58}},"8":{"start":{"line":21,"column":2},"end":{"line":21,"column":17}}},"fnMap":{"0":{"name":"(anonymous_0)","decl":{"start":{"line":4,"column":17},"end":{"line":4,"column":18}},"loc":{"start":{"line":4,"column":43},"end":{"line":22,"column":1}},"line":4},"1":{"name":"(anonymous_1)","decl":{"start":{"line":6,"column":4},"end":{"line":6,"column":5}},"loc":{"start":{"line":6,"column":29},"end":{"line":8,"column":5}},"line":6},"2":{"name":"(anonymous_2)","decl":{"start":{"line":20,"column":23},"end":{"line":20,"column":24}},"loc":{"start":{"line":20,"column":28},"end":{"line":20,"column":60}},"line":20}},"branchMap":{"0":{"loc":{"start":{"line":20,"column":30},"end":{"line":20,"column":58}},"type":"if","locations":[{"start":{"line":20,"column":30},"end":{"line":20,"column":58}},{"start":{},"end":{}}],"line":20}},"s":{"0":5,"1":5,"2":5,"3":5,"4":5,"5":5,"6":6,"7":3,"8":5},"f":{"0":5,"1":5,"2":6},"b":{"0":[3,3]},"_coverageSchema":"1a1c01bbd47fc00a2c39e90264f33305004495a9","hash":"36b975b2ba2c15019971c4664402062b5d9d35c6"}
,"/Users/marcolupi/DevPrj/sismochat_api/models/users.js": {"path":"/Users/marcolupi/DevPrj/sismochat_api/models/users.js","statementMap":{"0":{"start":{"line":2,"column":13},"end":{"line":2,"column":28}},"1":{"start":{"line":3,"column":18},"end":{"line":3,"column":38}},"2":{"start":{"line":4,"column":0},"end":{"line":27,"column":2}},"3":{"start":{"line":7,"column":6},"end":{"line":7,"column":85}},"4":{"start":{"line":8,"column":6},"end":{"line":8,"column":81}},"5":{"start":{"line":9,"column":6},"end":{"line":9,"column":83}},"6":{"start":{"line":10,"column":6},"end":{"line":10,"column":75}},"7":{"start":{"line":13,"column":2},"end":{"line":24,"column":5}},"8":{"start":{"line":25,"column":2},"end":{"line":25,"column":69}},"9":{"start":{"line":25,"column":31},"end":{"line":25,"column":65}},"10":{"start":{"line":25,"column":45},"end":{"line":25,"column":65}},"11":{"start":{"line":26,"column":2},"end":{"line":26,"column":15}}},"fnMap":{"0":{"name":"(anonymous_0)","decl":{"start":{"line":4,"column":17},"end":{"line":4,"column":18}},"loc":{"start":{"line":4,"column":43},"end":{"line":27,"column":1}},"line":4},"1":{"name":"(anonymous_1)","decl":{"start":{"line":6,"column":4},"end":{"line":6,"column":5}},"loc":{"start":{"line":6,"column":29},"end":{"line":11,"column":5}},"line":6},"2":{"name":"(anonymous_2)","decl":{"start":{"line":25,"column":21},"end":{"line":25,"column":22}},"loc":{"start":{"line":25,"column":29},"end":{"line":25,"column":67}},"line":25}},"branchMap":{"0":{"loc":{"start":{"line":25,"column":31},"end":{"line":25,"column":65}},"type":"if","locations":[{"start":{"line":25,"column":31},"end":{"line":25,"column":65}},{"start":{},"end":{}}],"line":25}},"s":{"0":5,"1":5,"2":5,"3":5,"4":5,"5":5,"6":5,"7":5,"8":5,"9":9,"10":6,"11":5},"f":{"0":5,"1":5,"2":9},"b":{"0":[6,3]},"_coverageSchema":"1a1c01bbd47fc00a2c39e90264f33305004495a9","hash":"8bec808ca8b8550b50fbefd82488d75bc7c07f98"}
,"/Users/marcolupi/DevPrj/sismochat_api/routes/assets.js": {"path":"/Users/marcolupi/DevPrj/sismochat_api/routes/assets.js","statementMap":{"0":{"start":{"line":1,"column":15},"end":{"line":1,"column":42}},"1":{"start":{"line":2,"column":13},"end":{"line":2,"column":28}},"2":{"start":{"line":4,"column":15},"end":{"line":4,"column":73}},"3":{"start":{"line":5,"column":17},"end":{"line":5,"column":77}},"4":{"start":{"line":8,"column":0},"end":{"line":13,"column":3}},"5":{"start":{"line":12,"column":4},"end":{"line":12,"column":21}},"6":{"start":{"line":16,"column":0},"end":{"line":21,"column":3}},"7":{"start":{"line":20,"column":4},"end":{"line":20,"column":23}},"8":{"start":{"line":23,"column":0},"end":{"line":23,"column":24}}},"fnMap":{"0":{"name":"(anonymous_0)","decl":{"start":{"line":8,"column":22},"end":{"line":8,"column":23}},"loc":{"start":{"line":8,"column":36},"end":{"line":13,"column":1}},"line":8},"1":{"name":"(anonymous_1)","decl":{"start":{"line":16,"column":24},"end":{"line":16,"column":25}},"loc":{"start":{"line":16,"column":38},"end":{"line":21,"column":1}},"line":16}},"branchMap":{},"s":{"0":5,"1":5,"2":5,"3":5,"4":5,"5":2,"6":5,"7":3,"8":5},"f":{"0":2,"1":3},"b":{},"_coverageSchema":"1a1c01bbd47fc00a2c39e90264f33305004495a9","hash":"24079bb833341e1adb57c048d6c26edad2f74a01"}
,"/Users/marcolupi/DevPrj/sismochat_api/routes/auth.js": {"path":"/Users/marcolupi/DevPrj/sismochat_api/routes/auth.js","statementMap":{"0":{"start":{"line":1,"column":15},"end":{"line":1,"column":42}},"1":{"start":{"line":2,"column":12},"end":{"line":2,"column":35}},"2":{"start":{"line":3,"column":35},"end":{"line":3,"column":63}},"3":{"start":{"line":4,"column":33},"end":{"line":4,"column":63}},"4":{"start":{"line":6,"column":15},"end":{"line":6,"column":37}},"5":{"start":{"line":8,"column":0},"end":{"line":39,"column":3}},"6":{"start":{"line":23,"column":19},"end":{"line":23,"column":40}},"7":{"start":{"line":24,"column":4},"end":{"line":26,"column":5}},"8":{"start":{"line":25,"column":8},"end":{"line":25,"column":84}},"9":{"start":{"line":27,"column":17},"end":{"line":27,"column":63}},"10":{"start":{"line":28,"column":4},"end":{"line":38,"column":5}},"11":{"start":{"line":29,"column":8},"end":{"line":33,"column":11}},"12":{"start":{"line":30,"column":42},"end":{"line":30,"column":74}},"13":{"start":{"line":31,"column":30},"end":{"line":31,"column":66}},"14":{"start":{"line":32,"column":12},"end":{"line":32,"column":43}},"15":{"start":{"line":34,"column":11},"end":{"line":38,"column":5}},"16":{"start":{"line":35,"column":8},"end":{"line":35,"column":70}},"17":{"start":{"line":37,"column":8},"end":{"line":37,"column":75}},"18":{"start":{"line":41,"column":0},"end":{"line":71,"column":3}},"19":{"start":{"line":52,"column":4},"end":{"line":54,"column":5}},"20":{"start":{"line":53,"column":8},"end":{"line":53,"column":88}},"21":{"start":{"line":55,"column":15},"end":{"line":55,"column":40}},"22":{"start":{"line":56,"column":4},"end":{"line":58,"column":5}},"23":{"start":{"line":57,"column":8},"end":{"line":57,"column":88}},"24":{"start":{"line":59,"column":17},"end":{"line":59,"column":35}},"25":{"start":{"line":60,"column":4},"end":{"line":70,"column":5}},"26":{"start":{"line":61,"column":8},"end":{"line":67,"column":11}},"27":{"start":{"line":62,"column":12},"end":{"line":66,"column":13}},"28":{"start":{"line":63,"column":16},"end":{"line":63,"column":42}},"29":{"start":{"line":65,"column":16},"end":{"line":65,"column":36}},"30":{"start":{"line":69,"column":8},"end":{"line":69,"column":35}},"31":{"start":{"line":73,"column":0},"end":{"line":73,"column":24}}},"fnMap":{"0":{"name":"(anonymous_0)","decl":{"start":{"line":11,"column":3},"end":{"line":11,"column":4}},"loc":{"start":{"line":11,"column":23},"end":{"line":39,"column":1}},"line":11},"1":{"name":"(anonymous_1)","decl":{"start":{"line":29,"column":114},"end":{"line":29,"column":115}},"loc":{"start":{"line":29,"column":136},"end":{"line":33,"column":9}},"line":29},"2":{"name":"(anonymous_2)","decl":{"start":{"line":41,"column":21},"end":{"line":41,"column":22}},"loc":{"start":{"line":41,"column":41},"end":{"line":71,"column":1}},"line":41},"3":{"name":"(anonymous_3)","decl":{"start":{"line":61,"column":60},"end":{"line":61,"column":61}},"loc":{"start":{"line":61,"column":76},"end":{"line":67,"column":9}},"line":61}},"branchMap":{"0":{"loc":{"start":{"line":24,"column":4},"end":{"line":26,"column":5}},"type":"if","locations":[{"start":{"line":24,"column":4},"end":{"line":26,"column":5}},{"start":{},"end":{}}],"line":24},"1":{"loc":{"start":{"line":28,"column":4},"end":{"line":38,"column":5}},"type":"if","locations":[{"start":{"line":28,"column":4},"end":{"line":38,"column":5}},{"start":{"line":34,"column":11},"end":{"line":38,"column":5}}],"line":28},"2":{"loc":{"start":{"line":34,"column":11},"end":{"line":38,"column":5}},"type":"if","locations":[{"start":{"line":34,"column":11},"end":{"line":38,"column":5}},{"start":{"line":36,"column":11},"end":{"line":38,"column":5}}],"line":34},"3":{"loc":{"start":{"line":52,"column":4},"end":{"line":54,"column":5}},"type":"if","locations":[{"start":{"line":52,"column":4},"end":{"line":54,"column":5}},{"start":{},"end":{}}],"line":52},"4":{"loc":{"start":{"line":56,"column":4},"end":{"line":58,"column":5}},"type":"if","locations":[{"start":{"line":56,"column":4},"end":{"line":58,"column":5}},{"start":{},"end":{}}],"line":56},"5":{"loc":{"start":{"line":60,"column":4},"end":{"line":70,"column":5}},"type":"if","locations":[{"start":{"line":60,"column":4},"end":{"line":70,"column":5}},{"start":{"line":68,"column":11},"end":{"line":70,"column":5}}],"line":60},"6":{"loc":{"start":{"line":62,"column":12},"end":{"line":66,"column":13}},"type":"if","locations":[{"start":{"line":62,"column":12},"end":{"line":66,"column":13}},{"start":{"line":64,"column":19},"end":{"line":66,"column":13}}],"line":62}},"s":{"0":5,"1":5,"2":5,"3":5,"4":5,"5":5,"6":6,"7":6,"8":1,"9":5,"10":5,"11":3,"12":3,"13":3,"14":3,"15":2,"16":1,"17":1,"18":5,"19":4,"20":0,"21":4,"22":4,"23":0,"24":4,"25":4,"26":2,"27":2,"28":0,"29":2,"30":2,"31":5},"f":{"0":6,"1":3,"2":4,"3":2},"b":{"0":[1,5],"1":[3,2],"2":[1,1],"3":[0,4],"4":[0,4],"5":[2,2],"6":[0,2]},"_coverageSchema":"1a1c01bbd47fc00a2c39e90264f33305004495a9","hash":"630b112fcb22e4cb58c6683f39d16bf9925b221c"}
,"/Users/marcolupi/DevPrj/sismochat_api/routes/connection.js": {"path":"/Users/marcolupi/DevPrj/sismochat_api/routes/connection.js","statementMap":{"0":{"start":{"line":1,"column":15},"end":{"line":1,"column":42}},"1":{"start":{"line":2,"column":36},"end":{"line":2,"column":65}},"2":{"start":{"line":3,"column":13},"end":{"line":3,"column":34}},"3":{"start":{"line":4,"column":11},"end":{"line":4,"column":40}},"4":{"start":{"line":5,"column":19},"end":{"line":5,"column":51}},"5":{"start":{"line":6,"column":30},"end":{"line":6,"column":66}},"6":{"start":{"line":9,"column":0},"end":{"line":31,"column":3}},"7":{"start":{"line":16,"column":4},"end":{"line":18,"column":5}},"8":{"start":{"line":17,"column":8},"end":{"line":17,"column":55}},"9":{"start":{"line":19,"column":18},"end":{"line":19,"column":64}},"10":{"start":{"line":20,"column":19},"end":{"line":20,"column":50}},"11":{"start":{"line":21,"column":15},"end":{"line":25,"column":6}},"12":{"start":{"line":26,"column":21},"end":{"line":29,"column":7}},"13":{"start":{"line":27,"column":21},"end":{"line":27,"column":60}},"14":{"start":{"line":28,"column":8},"end":{"line":28,"column":45}},"15":{"start":{"line":30,"column":4},"end":{"line":30,"column":35}},"16":{"start":{"line":34,"column":0},"end":{"line":48,"column":3}},"17":{"start":{"line":41,"column":4},"end":{"line":43,"column":5}},"18":{"start":{"line":42,"column":8},"end":{"line":42,"column":56}},"19":{"start":{"line":44,"column":21},"end":{"line":44,"column":62}},"20":{"start":{"line":45,"column":21},"end":{"line":45,"column":44}},"21":{"start":{"line":45,"column":39},"end":{"line":45,"column":43}},"22":{"start":{"line":46,"column":21},"end":{"line":46,"column":80}},"23":{"start":{"line":47,"column":4},"end":{"line":47,"column":102}},"24":{"start":{"line":47,"column":44},"end":{"line":47,"column":98}},"25":{"start":{"line":51,"column":0},"end":{"line":64,"column":3}},"26":{"start":{"line":57,"column":4},"end":{"line":59,"column":5}},"27":{"start":{"line":58,"column":8},"end":{"line":58,"column":55}},"28":{"start":{"line":60,"column":17},"end":{"line":60,"column":58}},"29":{"start":{"line":61,"column":19},"end":{"line":61,"column":38}},"30":{"start":{"line":61,"column":33},"end":{"line":61,"column":37}},"31":{"start":{"line":62,"column":18},"end":{"line":62,"column":114}},"32":{"start":{"line":63,"column":4},"end":{"line":63,"column":55}},"33":{"start":{"line":63,"column":40},"end":{"line":63,"column":52}},"34":{"start":{"line":67,"column":0},"end":{"line":90,"column":3}},"35":{"start":{"line":75,"column":4},"end":{"line":77,"column":5}},"36":{"start":{"line":76,"column":8},"end":{"line":76,"column":55}},"37":{"start":{"line":78,"column":18},"end":{"line":78,"column":64}},"38":{"start":{"line":79,"column":19},"end":{"line":79,"column":50}},"39":{"start":{"line":80,"column":15},"end":{"line":84,"column":6}},"40":{"start":{"line":85,"column":21},"end":{"line":88,"column":7}},"41":{"start":{"line":86,"column":21},"end":{"line":86,"column":60}},"42":{"start":{"line":87,"column":8},"end":{"line":87,"column":45}},"43":{"start":{"line":89,"column":4},"end":{"line":89,"column":35}},"44":{"start":{"line":92,"column":0},"end":{"line":116,"column":3}},"45":{"start":{"line":99,"column":4},"end":{"line":101,"column":5}},"46":{"start":{"line":100,"column":8},"end":{"line":100,"column":55}},"47":{"start":{"line":103,"column":21},"end":{"line":105,"column":6}},"48":{"start":{"line":106,"column":4},"end":{"line":108,"column":5}},"49":{"start":{"line":107,"column":8},"end":{"line":107,"column":102}},"50":{"start":{"line":109,"column":4},"end":{"line":109,"column":119}},"51":{"start":{"line":111,"column":19},"end":{"line":111,"column":57}},"52":{"start":{"line":112,"column":4},"end":{"line":114,"column":5}},"53":{"start":{"line":113,"column":8},"end":{"line":113,"column":104}},"54":{"start":{"line":115,"column":4},"end":{"line":115,"column":24}},"55":{"start":{"line":118,"column":0},"end":{"line":176,"column":3}},"56":{"start":{"line":131,"column":14},"end":{"line":131,"column":62}},"57":{"start":{"line":132,"column":4},"end":{"line":134,"column":5}},"58":{"start":{"line":133,"column":8},"end":{"line":133,"column":68}},"59":{"start":{"line":135,"column":4},"end":{"line":137,"column":5}},"60":{"start":{"line":136,"column":8},"end":{"line":136,"column":79}},"61":{"start":{"line":138,"column":4},"end":{"line":175,"column":5}},"62":{"start":{"line":139,"column":19},"end":{"line":139,"column":62}},"63":{"start":{"line":140,"column":8},"end":{"line":140,"column":106}},"64":{"start":{"line":142,"column":25},"end":{"line":142,"column":57}},"65":{"start":{"line":143,"column":8},"end":{"line":145,"column":9}},"66":{"start":{"line":144,"column":12},"end":{"line":144,"column":113}},"67":{"start":{"line":147,"column":23},"end":{"line":147,"column":52}},"68":{"start":{"line":148,"column":25},"end":{"line":148,"column":56}},"69":{"start":{"line":149,"column":8},"end":{"line":154,"column":9}},"70":{"start":{"line":150,"column":12},"end":{"line":150,"column":85}},"71":{"start":{"line":151,"column":12},"end":{"line":151,"column":85}},"72":{"start":{"line":155,"column":38},"end":{"line":155,"column":70}},"73":{"start":{"line":156,"column":26},"end":{"line":156,"column":64}},"74":{"start":{"line":158,"column":8},"end":{"line":161,"column":9}},"75":{"start":{"line":159,"column":30},"end":{"line":159,"column":70}},"76":{"start":{"line":160,"column":12},"end":{"line":160,"column":82}},"77":{"start":{"line":162,"column":8},"end":{"line":162,"column":44}},"78":{"start":{"line":163,"column":11},"end":{"line":175,"column":5}},"79":{"start":{"line":164,"column":8},"end":{"line":164,"column":52}},"80":{"start":{"line":166,"column":25},"end":{"line":166,"column":56}},"81":{"start":{"line":167,"column":8},"end":{"line":169,"column":9}},"82":{"start":{"line":168,"column":12},"end":{"line":168,"column":112}},"83":{"start":{"line":171,"column":8},"end":{"line":171,"column":71}},"84":{"start":{"line":172,"column":8},"end":{"line":172,"column":28}},"85":{"start":{"line":174,"column":8},"end":{"line":174,"column":80}},"86":{"start":{"line":178,"column":0},"end":{"line":178,"column":24}}},"fnMap":{"0":{"name":"(anonymous_0)","decl":{"start":{"line":9,"column":49},"end":{"line":9,"column":50}},"loc":{"start":{"line":9,"column":69},"end":{"line":31,"column":1}},"line":9},"1":{"name":"(anonymous_1)","decl":{"start":{"line":26,"column":46},"end":{"line":26,"column":47}},"loc":{"start":{"line":26,"column":57},"end":{"line":29,"column":5}},"line":26},"2":{"name":"(anonymous_2)","decl":{"start":{"line":34,"column":63},"end":{"line":34,"column":64}},"loc":{"start":{"line":34,"column":83},"end":{"line":48,"column":1}},"line":34},"3":{"name":"(anonymous_3)","decl":{"start":{"line":45,"column":34},"end":{"line":45,"column":35}},"loc":{"start":{"line":45,"column":39},"end":{"line":45,"column":43}},"line":45},"4":{"name":"(anonymous_4)","decl":{"start":{"line":47,"column":38},"end":{"line":47,"column":39}},"loc":{"start":{"line":47,"column":44},"end":{"line":47,"column":98}},"line":47},"5":{"name":"(anonymous_5)","decl":{"start":{"line":51,"column":71},"end":{"line":51,"column":72}},"loc":{"start":{"line":51,"column":91},"end":{"line":64,"column":1}},"line":51},"6":{"name":"(anonymous_6)","decl":{"start":{"line":61,"column":28},"end":{"line":61,"column":29}},"loc":{"start":{"line":61,"column":33},"end":{"line":61,"column":37}},"line":61},"7":{"name":"(anonymous_7)","decl":{"start":{"line":63,"column":35},"end":{"line":63,"column":36}},"loc":{"start":{"line":63,"column":40},"end":{"line":63,"column":52}},"line":63},"8":{"name":"(anonymous_8)","decl":{"start":{"line":67,"column":56},"end":{"line":67,"column":57}},"loc":{"start":{"line":67,"column":76},"end":{"line":90,"column":1}},"line":67},"9":{"name":"(anonymous_9)","decl":{"start":{"line":85,"column":46},"end":{"line":85,"column":47}},"loc":{"start":{"line":85,"column":57},"end":{"line":88,"column":5}},"line":85},"10":{"name":"(anonymous_10)","decl":{"start":{"line":92,"column":61},"end":{"line":92,"column":62}},"loc":{"start":{"line":92,"column":81},"end":{"line":116,"column":1}},"line":92},"11":{"name":"(anonymous_11)","decl":{"start":{"line":118,"column":60},"end":{"line":118,"column":61}},"loc":{"start":{"line":118,"column":80},"end":{"line":176,"column":1}},"line":118}},"branchMap":{"0":{"loc":{"start":{"line":16,"column":4},"end":{"line":18,"column":5}},"type":"if","locations":[{"start":{"line":16,"column":4},"end":{"line":18,"column":5}},{"start":{},"end":{}}],"line":16},"1":{"loc":{"start":{"line":19,"column":27},"end":{"line":19,"column":58}},"type":"binary-expr","locations":[{"start":{"line":19,"column":27},"end":{"line":19,"column":52}},{"start":{"line":19,"column":56},"end":{"line":19,"column":58}}],"line":19},"2":{"loc":{"start":{"line":20,"column":19},"end":{"line":20,"column":50}},"type":"binary-expr","locations":[{"start":{"line":20,"column":19},"end":{"line":20,"column":45}},{"start":{"line":20,"column":49},"end":{"line":20,"column":50}}],"line":20},"3":{"loc":{"start":{"line":41,"column":4},"end":{"line":43,"column":5}},"type":"if","locations":[{"start":{"line":41,"column":4},"end":{"line":43,"column":5}},{"start":{},"end":{}}],"line":41},"4":{"loc":{"start":{"line":57,"column":4},"end":{"line":59,"column":5}},"type":"if","locations":[{"start":{"line":57,"column":4},"end":{"line":59,"column":5}},{"start":{},"end":{}}],"line":57},"5":{"loc":{"start":{"line":75,"column":4},"end":{"line":77,"column":5}},"type":"if","locations":[{"start":{"line":75,"column":4},"end":{"line":77,"column":5}},{"start":{},"end":{}}],"line":75},"6":{"loc":{"start":{"line":78,"column":27},"end":{"line":78,"column":58}},"type":"binary-expr","locations":[{"start":{"line":78,"column":27},"end":{"line":78,"column":52}},{"start":{"line":78,"column":56},"end":{"line":78,"column":58}}],"line":78},"7":{"loc":{"start":{"line":79,"column":19},"end":{"line":79,"column":50}},"type":"binary-expr","locations":[{"start":{"line":79,"column":19},"end":{"line":79,"column":45}},{"start":{"line":79,"column":49},"end":{"line":79,"column":50}}],"line":79},"8":{"loc":{"start":{"line":99,"column":4},"end":{"line":101,"column":5}},"type":"if","locations":[{"start":{"line":99,"column":4},"end":{"line":101,"column":5}},{"start":{},"end":{}}],"line":99},"9":{"loc":{"start":{"line":99,"column":8},"end":{"line":99,"column":88}},"type":"binary-expr","locations":[{"start":{"line":99,"column":8},"end":{"line":99,"column":47}},{"start":{"line":99,"column":51},"end":{"line":99,"column":88}}],"line":99},"10":{"loc":{"start":{"line":106,"column":4},"end":{"line":108,"column":5}},"type":"if","locations":[{"start":{"line":106,"column":4},"end":{"line":108,"column":5}},{"start":{},"end":{}}],"line":106},"11":{"loc":{"start":{"line":112,"column":4},"end":{"line":114,"column":5}},"type":"if","locations":[{"start":{"line":112,"column":4},"end":{"line":114,"column":5}},{"start":{},"end":{}}],"line":112},"12":{"loc":{"start":{"line":132,"column":4},"end":{"line":134,"column":5}},"type":"if","locations":[{"start":{"line":132,"column":4},"end":{"line":134,"column":5}},{"start":{},"end":{}}],"line":132},"13":{"loc":{"start":{"line":135,"column":4},"end":{"line":137,"column":5}},"type":"if","locations":[{"start":{"line":135,"column":4},"end":{"line":137,"column":5}},{"start":{},"end":{}}],"line":135},"14":{"loc":{"start":{"line":135,"column":8},"end":{"line":135,"column":58}},"type":"binary-expr","locations":[{"start":{"line":135,"column":8},"end":{"line":135,"column":17}},{"start":{"line":135,"column":21},"end":{"line":135,"column":58}}],"line":135},"15":{"loc":{"start":{"line":138,"column":4},"end":{"line":175,"column":5}},"type":"if","locations":[{"start":{"line":138,"column":4},"end":{"line":175,"column":5}},{"start":{"line":163,"column":11},"end":{"line":175,"column":5}}],"line":138},"16":{"loc":{"start":{"line":143,"column":8},"end":{"line":145,"column":9}},"type":"if","locations":[{"start":{"line":143,"column":8},"end":{"line":145,"column":9}},{"start":{},"end":{}}],"line":143},"17":{"loc":{"start":{"line":158,"column":8},"end":{"line":161,"column":9}},"type":"if","locations":[{"start":{"line":158,"column":8},"end":{"line":161,"column":9}},{"start":{},"end":{}}],"line":158},"18":{"loc":{"start":{"line":163,"column":11},"end":{"line":175,"column":5}},"type":"if","locations":[{"start":{"line":163,"column":11},"end":{"line":175,"column":5}},{"start":{"line":173,"column":11},"end":{"line":175,"column":5}}],"line":163},"19":{"loc":{"start":{"line":167,"column":8},"end":{"line":169,"column":9}},"type":"if","locations":[{"start":{"line":167,"column":8},"end":{"line":169,"column":9}},{"start":{},"end":{}}],"line":167}},"s":{"0":5,"1":5,"2":5,"3":5,"4":5,"5":5,"6":5,"7":2,"8":0,"9":2,"10":2,"11":2,"12":2,"13":4,"14":4,"15":2,"16":5,"17":0,"18":0,"19":0,"20":0,"21":0,"22":0,"23":0,"24":0,"25":5,"26":0,"27":0,"28":0,"29":0,"30":0,"31":0,"32":0,"33":0,"34":5,"35":2,"36":1,"37":1,"38":1,"39":1,"40":1,"41":2,"42":2,"43":1,"44":5,"45":2,"46":0,"47":2,"48":2,"49":1,"50":1,"51":1,"52":1,"53":1,"54":1,"55":5,"56":3,"57":3,"58":1,"59":2,"60":1,"61":1,"62":1,"63":1,"64":1,"65":1,"66":1,"67":1,"68":1,"69":1,"70":1,"71":1,"72":1,"73":1,"74":1,"75":1,"76":1,"77":1,"78":0,"79":0,"80":0,"81":0,"82":0,"83":0,"84":0,"85":0,"86":5},"f":{"0":2,"1":4,"2":0,"3":0,"4":0,"5":0,"6":0,"7":0,"8":2,"9":2,"10":2,"11":3},"b":{"0":[0,2],"1":[2,2],"2":[2,2],"3":[0,0],"4":[0,0],"5":[1,1],"6":[1,1],"7":[1,1],"8":[0,2],"9":[2,2],"10":[1,1],"11":[1,0],"12":[1,2],"13":[1,1],"14":[2,1],"15":[1,0],"16":[1,0],"17":[1,0],"18":[0,0],"19":[0,0]},"_coverageSchema":"1a1c01bbd47fc00a2c39e90264f33305004495a9","hash":"4be4bb10a852f9a85633a6a2e04c6547b16ec5ae"}
,"/Users/marcolupi/DevPrj/sismochat_api/routes/device.js": {"path":"/Users/marcolupi/DevPrj/sismochat_api/routes/device.js","statementMap":{"0":{"start":{"line":1,"column":15},"end":{"line":1,"column":42}},"1":{"start":{"line":2,"column":36},"end":{"line":2,"column":65}},"2":{"start":{"line":3,"column":13},"end":{"line":3,"column":34}},"3":{"start":{"line":4,"column":11},"end":{"line":4,"column":40}},"4":{"start":{"line":6,"column":0},"end":{"line":25,"column":3}},"5":{"start":{"line":14,"column":4},"end":{"line":16,"column":5}},"6":{"start":{"line":15,"column":8},"end":{"line":15,"column":59}},"7":{"start":{"line":17,"column":14},"end":{"line":17,"column":80}},"8":{"start":{"line":18,"column":4},"end":{"line":20,"column":5}},"9":{"start":{"line":19,"column":8},"end":{"line":19,"column":70}},"10":{"start":{"line":21,"column":19},"end":{"line":21,"column":73}},"11":{"start":{"line":22,"column":34},"end":{"line":22,"column":66}},"12":{"start":{"line":23,"column":22},"end":{"line":23,"column":60}},"13":{"start":{"line":24,"column":4},"end":{"line":24,"column":61}},"14":{"start":{"line":27,"column":0},"end":{"line":34,"column":3}},"15":{"start":{"line":32,"column":4},"end":{"line":32,"column":71}},"16":{"start":{"line":33,"column":4},"end":{"line":33,"column":24}},"17":{"start":{"line":36,"column":0},"end":{"line":36,"column":24}}},"fnMap":{"0":{"name":"(anonymous_0)","decl":{"start":{"line":6,"column":59},"end":{"line":6,"column":60}},"loc":{"start":{"line":6,"column":79},"end":{"line":25,"column":1}},"line":6},"1":{"name":"(anonymous_1)","decl":{"start":{"line":27,"column":61},"end":{"line":27,"column":62}},"loc":{"start":{"line":27,"column":81},"end":{"line":34,"column":1}},"line":27}},"branchMap":{"0":{"loc":{"start":{"line":14,"column":4},"end":{"line":16,"column":5}},"type":"if","locations":[{"start":{"line":14,"column":4},"end":{"line":16,"column":5}},{"start":{},"end":{}}],"line":14},"1":{"loc":{"start":{"line":18,"column":4},"end":{"line":20,"column":5}},"type":"if","locations":[{"start":{"line":18,"column":4},"end":{"line":20,"column":5}},{"start":{},"end":{}}],"line":18}},"s":{"0":5,"1":5,"2":5,"3":5,"4":5,"5":3,"6":1,"7":2,"8":2,"9":0,"10":2,"11":2,"12":2,"13":2,"14":5,"15":1,"16":1,"17":5},"f":{"0":3,"1":1},"b":{"0":[1,2],"1":[0,2]},"_coverageSchema":"1a1c01bbd47fc00a2c39e90264f33305004495a9","hash":"89f9e4468c36e5c8ea02b5f7b2769cf6825ef6c5"}
,"/Users/marcolupi/DevPrj/sismochat_api/routes/message.js": {"path":"/Users/marcolupi/DevPrj/sismochat_api/routes/message.js","statementMap":{"0":{"start":{"line":1,"column":15},"end":{"line":1,"column":42}},"1":{"start":{"line":2,"column":42},"end":{"line":2,"column":70}},"2":{"start":{"line":3,"column":36},"end":{"line":3,"column":65}},"3":{"start":{"line":4,"column":13},"end":{"line":4,"column":34}},"4":{"start":{"line":5,"column":11},"end":{"line":5,"column":40}},"5":{"start":{"line":6,"column":19},"end":{"line":6,"column":51}},"6":{"start":{"line":8,"column":0},"end":{"line":41,"column":3}},"7":{"start":{"line":20,"column":19},"end":{"line":20,"column":40}},"8":{"start":{"line":21,"column":4},"end":{"line":23,"column":5}},"9":{"start":{"line":22,"column":8},"end":{"line":22,"column":78}},"10":{"start":{"line":24,"column":4},"end":{"line":26,"column":5}},"11":{"start":{"line":25,"column":8},"end":{"line":25,"column":53}},"12":{"start":{"line":27,"column":18},"end":{"line":27,"column":64}},"13":{"start":{"line":28,"column":19},"end":{"line":28,"column":50}},"14":{"start":{"line":29,"column":21},"end":{"line":34,"column":6}},"15":{"start":{"line":35,"column":18},"end":{"line":35,"column":82}},"16":{"start":{"line":35,"column":37},"end":{"line":35,"column":80}},"17":{"start":{"line":36,"column":4},"end":{"line":40,"column":5}},"18":{"start":{"line":37,"column":8},"end":{"line":37,"column":36}},"19":{"start":{"line":39,"column":8},"end":{"line":39,"column":28}},"20":{"start":{"line":43,"column":0},"end":{"line":64,"column":3}},"21":{"start":{"line":51,"column":16},"end":{"line":51,"column":78}},"22":{"start":{"line":52,"column":4},"end":{"line":54,"column":5}},"23":{"start":{"line":53,"column":8},"end":{"line":53,"column":61}},"24":{"start":{"line":55,"column":4},"end":{"line":63,"column":5}},"25":{"start":{"line":57,"column":8},"end":{"line":59,"column":9}},"26":{"start":{"line":58,"column":12},"end":{"line":58,"column":72}},"27":{"start":{"line":60,"column":8},"end":{"line":60,"column":45}},"28":{"start":{"line":62,"column":8},"end":{"line":62,"column":59}},"29":{"start":{"line":66,"column":0},"end":{"line":122,"column":3}},"30":{"start":{"line":82,"column":19},"end":{"line":82,"column":40}},"31":{"start":{"line":83,"column":4},"end":{"line":85,"column":5}},"32":{"start":{"line":84,"column":8},"end":{"line":84,"column":129}},"33":{"start":{"line":84,"column":83},"end":{"line":84,"column":88}},"34":{"start":{"line":86,"column":19},"end":{"line":86,"column":32}},"35":{"start":{"line":87,"column":17},"end":{"line":87,"column":28}},"36":{"start":{"line":88,"column":4},"end":{"line":90,"column":5}},"37":{"start":{"line":89,"column":8},"end":{"line":89,"column":68}},"38":{"start":{"line":91,"column":4},"end":{"line":93,"column":5}},"39":{"start":{"line":92,"column":8},"end":{"line":92,"column":66}},"40":{"start":{"line":95,"column":23},"end":{"line":97,"column":6}},"41":{"start":{"line":98,"column":4},"end":{"line":100,"column":5}},"42":{"start":{"line":99,"column":8},"end":{"line":99,"column":75}},"43":{"start":{"line":101,"column":4},"end":{"line":103,"column":5}},"44":{"start":{"line":102,"column":8},"end":{"line":102,"column":70}},"45":{"start":{"line":105,"column":20},"end":{"line":105,"column":43}},"46":{"start":{"line":106,"column":4},"end":{"line":117,"column":5}},"47":{"start":{"line":107,"column":23},"end":{"line":107,"column":54}},"48":{"start":{"line":108,"column":25},"end":{"line":108,"column":54}},"49":{"start":{"line":109,"column":28},"end":{"line":109,"column":128}},"50":{"start":{"line":110,"column":30},"end":{"line":110,"column":136}},"51":{"start":{"line":111,"column":8},"end":{"line":113,"column":9}},"52":{"start":{"line":112,"column":12},"end":{"line":112,"column":86}},"53":{"start":{"line":114,"column":8},"end":{"line":116,"column":9}},"54":{"start":{"line":115,"column":12},"end":{"line":115,"column":95}},"55":{"start":{"line":118,"column":20},"end":{"line":118,"column":120}},"56":{"start":{"line":119,"column":17},"end":{"line":119,"column":50}},"57":{"start":{"line":120,"column":4},"end":{"line":120,"column":56}},"58":{"start":{"line":121,"column":4},"end":{"line":121,"column":49}},"59":{"start":{"line":124,"column":0},"end":{"line":150,"column":3}},"60":{"start":{"line":132,"column":16},"end":{"line":132,"column":78}},"61":{"start":{"line":133,"column":4},"end":{"line":135,"column":5}},"62":{"start":{"line":134,"column":8},"end":{"line":134,"column":136}},"63":{"start":{"line":136,"column":4},"end":{"line":140,"column":5}},"64":{"start":{"line":138,"column":8},"end":{"line":138,"column":28}},"65":{"start":{"line":139,"column":8},"end":{"line":139,"column":35}},"66":{"start":{"line":141,"column":4},"end":{"line":148,"column":5}},"67":{"start":{"line":143,"column":8},"end":{"line":146,"column":9}},"68":{"start":{"line":144,"column":12},"end":{"line":144,"column":32}},"69":{"start":{"line":145,"column":12},"end":{"line":145,"column":39}},"70":{"start":{"line":147,"column":8},"end":{"line":147,"column":92}},"71":{"start":{"line":149,"column":4},"end":{"line":149,"column":55}},"72":{"start":{"line":152,"column":0},"end":{"line":152,"column":24}}},"fnMap":{"0":{"name":"(anonymous_0)","decl":{"start":{"line":10,"column":3},"end":{"line":10,"column":4}},"loc":{"start":{"line":10,"column":23},"end":{"line":41,"column":1}},"line":10},"1":{"name":"(anonymous_1)","decl":{"start":{"line":35,"column":31},"end":{"line":35,"column":32}},"loc":{"start":{"line":35,"column":37},"end":{"line":35,"column":80}},"line":35},"2":{"name":"(anonymous_2)","decl":{"start":{"line":43,"column":55},"end":{"line":43,"column":56}},"loc":{"start":{"line":43,"column":75},"end":{"line":64,"column":1}},"line":43},"3":{"name":"(anonymous_3)","decl":{"start":{"line":69,"column":3},"end":{"line":69,"column":4}},"loc":{"start":{"line":69,"column":23},"end":{"line":122,"column":1}},"line":69},"4":{"name":"(anonymous_4)","decl":{"start":{"line":84,"column":78},"end":{"line":84,"column":79}},"loc":{"start":{"line":84,"column":83},"end":{"line":84,"column":88}},"line":84},"5":{"name":"(anonymous_5)","decl":{"start":{"line":124,"column":58},"end":{"line":124,"column":59}},"loc":{"start":{"line":124,"column":78},"end":{"line":150,"column":1}},"line":124}},"branchMap":{"0":{"loc":{"start":{"line":21,"column":4},"end":{"line":23,"column":5}},"type":"if","locations":[{"start":{"line":21,"column":4},"end":{"line":23,"column":5}},{"start":{},"end":{}}],"line":21},"1":{"loc":{"start":{"line":24,"column":4},"end":{"line":26,"column":5}},"type":"if","locations":[{"start":{"line":24,"column":4},"end":{"line":26,"column":5}},{"start":{},"end":{}}],"line":24},"2":{"loc":{"start":{"line":27,"column":27},"end":{"line":27,"column":58}},"type":"binary-expr","locations":[{"start":{"line":27,"column":27},"end":{"line":27,"column":52}},{"start":{"line":27,"column":56},"end":{"line":27,"column":58}}],"line":27},"3":{"loc":{"start":{"line":28,"column":19},"end":{"line":28,"column":50}},"type":"binary-expr","locations":[{"start":{"line":28,"column":19},"end":{"line":28,"column":45}},{"start":{"line":28,"column":49},"end":{"line":28,"column":50}}],"line":28},"4":{"loc":{"start":{"line":36,"column":4},"end":{"line":40,"column":5}},"type":"if","locations":[{"start":{"line":36,"column":4},"end":{"line":40,"column":5}},{"start":{"line":38,"column":11},"end":{"line":40,"column":5}}],"line":36},"5":{"loc":{"start":{"line":52,"column":4},"end":{"line":54,"column":5}},"type":"if","locations":[{"start":{"line":52,"column":4},"end":{"line":54,"column":5}},{"start":{},"end":{}}],"line":52},"6":{"loc":{"start":{"line":55,"column":4},"end":{"line":63,"column":5}},"type":"if","locations":[{"start":{"line":55,"column":4},"end":{"line":63,"column":5}},{"start":{"line":61,"column":11},"end":{"line":63,"column":5}}],"line":55},"7":{"loc":{"start":{"line":55,"column":8},"end":{"line":55,"column":60}},"type":"binary-expr","locations":[{"start":{"line":55,"column":8},"end":{"line":55,"column":33}},{"start":{"line":55,"column":37},"end":{"line":55,"column":60}}],"line":55},"8":{"loc":{"start":{"line":57,"column":8},"end":{"line":59,"column":9}},"type":"if","locations":[{"start":{"line":57,"column":8},"end":{"line":59,"column":9}},{"start":{},"end":{}}],"line":57},"9":{"loc":{"start":{"line":57,"column":12},"end":{"line":57,"column":78}},"type":"binary-expr","locations":[{"start":{"line":57,"column":12},"end":{"line":57,"column":35}},{"start":{"line":57,"column":39},"end":{"line":57,"column":78}}],"line":57},"10":{"loc":{"start":{"line":83,"column":4},"end":{"line":85,"column":5}},"type":"if","locations":[{"start":{"line":83,"column":4},"end":{"line":85,"column":5}},{"start":{},"end":{}}],"line":83},"11":{"loc":{"start":{"line":88,"column":4},"end":{"line":90,"column":5}},"type":"if","locations":[{"start":{"line":88,"column":4},"end":{"line":90,"column":5}},{"start":{},"end":{}}],"line":88},"12":{"loc":{"start":{"line":91,"column":4},"end":{"line":93,"column":5}},"type":"if","locations":[{"start":{"line":91,"column":4},"end":{"line":93,"column":5}},{"start":{},"end":{}}],"line":91},"13":{"loc":{"start":{"line":98,"column":4},"end":{"line":100,"column":5}},"type":"if","locations":[{"start":{"line":98,"column":4},"end":{"line":100,"column":5}},{"start":{},"end":{}}],"line":98},"14":{"loc":{"start":{"line":101,"column":4},"end":{"line":103,"column":5}},"type":"if","locations":[{"start":{"line":101,"column":4},"end":{"line":103,"column":5}},{"start":{},"end":{}}],"line":101},"15":{"loc":{"start":{"line":105,"column":20},"end":{"line":105,"column":43}},"type":"binary-expr","locations":[{"start":{"line":105,"column":20},"end":{"line":105,"column":33}},{"start":{"line":105,"column":37},"end":{"line":105,"column":43}}],"line":105},"16":{"loc":{"start":{"line":106,"column":4},"end":{"line":117,"column":5}},"type":"if","locations":[{"start":{"line":106,"column":4},"end":{"line":117,"column":5}},{"start":{},"end":{}}],"line":106},"17":{"loc":{"start":{"line":106,"column":8},"end":{"line":106,"column":50}},"type":"binary-expr","locations":[{"start":{"line":106,"column":8},"end":{"line":106,"column":26}},{"start":{"line":106,"column":30},"end":{"line":106,"column":50}}],"line":106},"18":{"loc":{"start":{"line":109,"column":28},"end":{"line":109,"column":128}},"type":"cond-expr","locations":[{"start":{"line":109,"column":69},"end":{"line":109,"column":99}},{"start":{"line":109,"column":103},"end":{"line":109,"column":127}}],"line":109},"19":{"loc":{"start":{"line":109,"column":103},"end":{"line":109,"column":127}},"type":"binary-expr","locations":[{"start":{"line":109,"column":103},"end":{"line":109,"column":121}},{"start":{"line":109,"column":125},"end":{"line":109,"column":127}}],"line":109},"20":{"loc":{"start":{"line":110,"column":30},"end":{"line":110,"column":136}},"type":"cond-expr","locations":[{"start":{"line":110,"column":73},"end":{"line":110,"column":105}},{"start":{"line":110,"column":109},"end":{"line":110,"column":135}}],"line":110},"21":{"loc":{"start":{"line":110,"column":109},"end":{"line":110,"column":135}},"type":"binary-expr","locations":[{"start":{"line":110,"column":109},"end":{"line":110,"column":129}},{"start":{"line":110,"column":133},"end":{"line":110,"column":135}}],"line":110},"22":{"loc":{"start":{"line":111,"column":8},"end":{"line":113,"column":9}},"type":"if","locations":[{"start":{"line":111,"column":8},"end":{"line":113,"column":9}},{"start":{},"end":{}}],"line":111},"23":{"loc":{"start":{"line":114,"column":8},"end":{"line":116,"column":9}},"type":"if","locations":[{"start":{"line":114,"column":8},"end":{"line":116,"column":9}},{"start":{},"end":{}}],"line":114},"24":{"loc":{"start":{"line":133,"column":4},"end":{"line":135,"column":5}},"type":"if","locations":[{"start":{"line":133,"column":4},"end":{"line":135,"column":5}},{"start":{},"end":{}}],"line":133},"25":{"loc":{"start":{"line":136,"column":4},"end":{"line":140,"column":5}},"type":"if","locations":[{"start":{"line":136,"column":4},"end":{"line":140,"column":5}},{"start":{},"end":{}}],"line":136},"26":{"loc":{"start":{"line":141,"column":4},"end":{"line":148,"column":5}},"type":"if","locations":[{"start":{"line":141,"column":4},"end":{"line":148,"column":5}},{"start":{},"end":{}}],"line":141},"27":{"loc":{"start":{"line":143,"column":8},"end":{"line":146,"column":9}},"type":"if","locations":[{"start":{"line":143,"column":8},"end":{"line":146,"column":9}},{"start":{},"end":{}}],"line":143}},"s":{"0":5,"1":5,"2":5,"3":5,"4":5,"5":5,"6":5,"7":3,"8":3,"9":0,"10":3,"11":0,"12":3,"13":3,"14":3,"15":3,"16":8,"17":3,"18":3,"19":0,"20":5,"21":5,"22":5,"23":2,"24":3,"25":3,"26":2,"27":3,"28":0,"29":5,"30":8,"31":8,"32":0,"33":0,"34":8,"35":8,"36":8,"37":0,"38":8,"39":1,"40":7,"41":7,"42":1,"43":6,"44":0,"45":6,"46":6,"47":3,"48":3,"49":3,"50":3,"51":3,"52":0,"53":3,"54":1,"55":5,"56":5,"57":5,"58":5,"59":5,"60":4,"61":4,"62":1,"63":3,"64":1,"65":1,"66":2,"67":2,"68":1,"69":1,"70":1,"71":0,"72":5},"f":{"0":3,"1":8,"2":5,"3":8,"4":0,"5":4},"b":{"0":[0,3],"1":[0,3],"2":[3,2],"3":[3,3],"4":[3,0],"5":[2,3],"6":[3,0],"7":[3,3],"8":[2,1],"9":[3,3],"10":[0,8],"11":[0,8],"12":[1,7],"13":[1,6],"14":[0,6],"15":[6,3],"16":[3,3],"17":[6,3],"18":[0,3],"19":[3,0],"20":[1,2],"21":[2,0],"22":[0,3],"23":[1,2],"24":[1,3],"25":[1,2],"26":[2,0],"27":[1,1]},"_coverageSchema":"1a1c01bbd47fc00a2c39e90264f33305004495a9","hash":"31b70b90bc8b02baad1badb7b42a6266e4e61013"}
,"/Users/marcolupi/DevPrj/sismochat_api/routes/parent.js": {"path":"/Users/marcolupi/DevPrj/sismochat_api/routes/parent.js","statementMap":{"0":{"start":{"line":1,"column":15},"end":{"line":1,"column":42}},"1":{"start":{"line":2,"column":15},"end":{"line":2,"column":32}},"2":{"start":{"line":3,"column":15},"end":{"line":3,"column":32}},"3":{"start":{"line":4,"column":42},"end":{"line":4,"column":70}},"4":{"start":{"line":5,"column":36},"end":{"line":5,"column":65}},"5":{"start":{"line":6,"column":13},"end":{"line":6,"column":34}},"6":{"start":{"line":7,"column":11},"end":{"line":7,"column":40}},"7":{"start":{"line":8,"column":25},"end":{"line":8,"column":56}},"8":{"start":{"line":9,"column":18},"end":{"line":9,"column":47}},"9":{"start":{"line":11,"column":20},"end":{"line":11,"column":22}},"10":{"start":{"line":12,"column":25},"end":{"line":12,"column":46}},"11":{"start":{"line":13,"column":26},"end":{"line":13,"column":77}},"12":{"start":{"line":14,"column":27},"end":{"line":14,"column":28}},"13":{"start":{"line":16,"column":40},"end":{"line":16,"column":99}},"14":{"start":{"line":17,"column":38},"end":{"line":17,"column":95}},"15":{"start":{"line":19,"column":28},"end":{"line":25,"column":2}},"16":{"start":{"line":22,"column":27},"end":{"line":22,"column":51}},"17":{"start":{"line":27,"column":25},"end":{"line":33,"column":2}},"18":{"start":{"line":30,"column":27},"end":{"line":30,"column":51}},"19":{"start":{"line":35,"column":0},"end":{"line":82,"column":3}},"20":{"start":{"line":49,"column":19},"end":{"line":49,"column":40}},"21":{"start":{"line":50,"column":4},"end":{"line":52,"column":5}},"22":{"start":{"line":51,"column":8},"end":{"line":51,"column":129}},"23":{"start":{"line":51,"column":83},"end":{"line":51,"column":88}},"24":{"start":{"line":53,"column":4},"end":{"line":81,"column":5}},"25":{"start":{"line":54,"column":22},"end":{"line":54,"column":66}},"26":{"start":{"line":55,"column":8},"end":{"line":78,"column":9}},"27":{"start":{"line":56,"column":25},"end":{"line":56,"column":69}},"28":{"start":{"line":57,"column":27},"end":{"line":57,"column":88}},"29":{"start":{"line":60,"column":46},"end":{"line":64,"column":14}},"30":{"start":{"line":65,"column":32},"end":{"line":65,"column":116}},"31":{"start":{"line":66,"column":27},"end":{"line":66,"column":78}},"32":{"start":{"line":68,"column":42},"end":{"line":68,"column":74}},"33":{"start":{"line":69,"column":30},"end":{"line":69,"column":64}},"34":{"start":{"line":71,"column":12},"end":{"line":75,"column":15}},"35":{"start":{"line":77,"column":12},"end":{"line":77,"column":92}},"36":{"start":{"line":80,"column":8},"end":{"line":80,"column":73}},"37":{"start":{"line":84,"column":0},"end":{"line":114,"column":3}},"38":{"start":{"line":94,"column":19},"end":{"line":94,"column":40}},"39":{"start":{"line":95,"column":4},"end":{"line":97,"column":5}},"40":{"start":{"line":96,"column":8},"end":{"line":96,"column":129}},"41":{"start":{"line":96,"column":83},"end":{"line":96,"column":88}},"42":{"start":{"line":98,"column":19},"end":{"line":98,"column":59}},"43":{"start":{"line":99,"column":4},"end":{"line":101,"column":5}},"44":{"start":{"line":100,"column":8},"end":{"line":100,"column":81}},"45":{"start":{"line":102,"column":18},"end":{"line":102,"column":72}},"46":{"start":{"line":103,"column":4},"end":{"line":105,"column":5}},"47":{"start":{"line":104,"column":8},"end":{"line":104,"column":87}},"48":{"start":{"line":106,"column":4},"end":{"line":108,"column":5}},"49":{"start":{"line":107,"column":8},"end":{"line":107,"column":107}},"50":{"start":{"line":109,"column":17},"end":{"line":109,"column":69}},"51":{"start":{"line":110,"column":4},"end":{"line":110,"column":39}},"52":{"start":{"line":111,"column":34},"end":{"line":111,"column":66}},"53":{"start":{"line":112,"column":22},"end":{"line":112,"column":60}},"54":{"start":{"line":113,"column":4},"end":{"line":113,"column":40}},"55":{"start":{"line":116,"column":0},"end":{"line":129,"column":3}},"56":{"start":{"line":122,"column":4},"end":{"line":124,"column":5}},"57":{"start":{"line":123,"column":8},"end":{"line":123,"column":56}},"58":{"start":{"line":125,"column":21},"end":{"line":125,"column":62}},"59":{"start":{"line":126,"column":21},"end":{"line":126,"column":44}},"60":{"start":{"line":126,"column":39},"end":{"line":126,"column":43}},"61":{"start":{"line":127,"column":21},"end":{"line":127,"column":80}},"62":{"start":{"line":128,"column":4},"end":{"line":128,"column":102}},"63":{"start":{"line":128,"column":44},"end":{"line":128,"column":98}},"64":{"start":{"line":131,"column":0},"end":{"line":144,"column":3}},"65":{"start":{"line":137,"column":4},"end":{"line":139,"column":5}},"66":{"start":{"line":138,"column":8},"end":{"line":138,"column":56}},"67":{"start":{"line":140,"column":17},"end":{"line":140,"column":58}},"68":{"start":{"line":141,"column":19},"end":{"line":141,"column":38}},"69":{"start":{"line":141,"column":33},"end":{"line":141,"column":37}},"70":{"start":{"line":142,"column":18},"end":{"line":142,"column":114}},"71":{"start":{"line":143,"column":4},"end":{"line":143,"column":55}},"72":{"start":{"line":143,"column":40},"end":{"line":143,"column":52}},"73":{"start":{"line":146,"column":0},"end":{"line":165,"column":3}},"74":{"start":{"line":154,"column":19},"end":{"line":154,"column":40}},"75":{"start":{"line":155,"column":4},"end":{"line":157,"column":5}},"76":{"start":{"line":156,"column":8},"end":{"line":156,"column":78}},"77":{"start":{"line":158,"column":14},"end":{"line":158,"column":78}},"78":{"start":{"line":159,"column":4},"end":{"line":164,"column":5}},"79":{"start":{"line":160,"column":21},"end":{"line":160,"column":53}},"80":{"start":{"line":161,"column":8},"end":{"line":161,"column":76}},"81":{"start":{"line":161,"column":46},"end":{"line":161,"column":73}},"82":{"start":{"line":163,"column":8},"end":{"line":163,"column":48}},"83":{"start":{"line":167,"column":0},"end":{"line":186,"column":3}},"84":{"start":{"line":176,"column":19},"end":{"line":176,"column":40}},"85":{"start":{"line":177,"column":4},"end":{"line":179,"column":5}},"86":{"start":{"line":178,"column":8},"end":{"line":178,"column":78}},"87":{"start":{"line":180,"column":14},"end":{"line":180,"column":78}},"88":{"start":{"line":181,"column":4},"end":{"line":185,"column":5}},"89":{"start":{"line":182,"column":8},"end":{"line":182,"column":65}},"90":{"start":{"line":184,"column":8},"end":{"line":184,"column":48}},"91":{"start":{"line":188,"column":0},"end":{"line":213,"column":3}},"92":{"start":{"line":195,"column":19},"end":{"line":195,"column":40}},"93":{"start":{"line":196,"column":4},"end":{"line":198,"column":5}},"94":{"start":{"line":197,"column":8},"end":{"line":197,"column":78}},"95":{"start":{"line":200,"column":19},"end":{"line":200,"column":81}},"96":{"start":{"line":201,"column":4},"end":{"line":207,"column":5}},"97":{"start":{"line":202,"column":20},"end":{"line":202,"column":71}},"98":{"start":{"line":203,"column":21},"end":{"line":203,"column":74}},"99":{"start":{"line":204,"column":23},"end":{"line":204,"column":75}},"100":{"start":{"line":205,"column":8},"end":{"line":205,"column":93}},"101":{"start":{"line":206,"column":8},"end":{"line":206,"column":48}},"102":{"start":{"line":209,"column":4},"end":{"line":212,"column":7}},"103":{"start":{"line":215,"column":0},"end":{"line":256,"column":3}},"104":{"start":{"line":225,"column":19},"end":{"line":225,"column":40}},"105":{"start":{"line":226,"column":4},"end":{"line":228,"column":5}},"106":{"start":{"line":227,"column":8},"end":{"line":227,"column":78}},"107":{"start":{"line":230,"column":19},"end":{"line":230,"column":81}},"108":{"start":{"line":231,"column":4},"end":{"line":233,"column":5}},"109":{"start":{"line":232,"column":8},"end":{"line":232,"column":94}},"110":{"start":{"line":235,"column":4},"end":{"line":238,"column":5}},"111":{"start":{"line":236,"column":8},"end":{"line":236,"column":91}},"112":{"start":{"line":237,"column":8},"end":{"line":237,"column":83}},"113":{"start":{"line":240,"column":4},"end":{"line":243,"column":5}},"114":{"start":{"line":241,"column":8},"end":{"line":241,"column":91}},"115":{"start":{"line":242,"column":8},"end":{"line":242,"column":102}},"116":{"start":{"line":245,"column":17},"end":{"line":245,"column":79}},"117":{"start":{"line":246,"column":4},"end":{"line":251,"column":5}},"118":{"start":{"line":247,"column":28},"end":{"line":247,"column":55}},"119":{"start":{"line":248,"column":8},"end":{"line":248,"column":63}},"120":{"start":{"line":249,"column":26},"end":{"line":249,"column":58}},"121":{"start":{"line":250,"column":8},"end":{"line":250,"column":110}},"122":{"start":{"line":253,"column":20},"end":{"line":253,"column":72}},"123":{"start":{"line":254,"column":4},"end":{"line":254,"column":101}},"124":{"start":{"line":255,"column":4},"end":{"line":255,"column":24}},"125":{"start":{"line":258,"column":0},"end":{"line":258,"column":24}}},"fnMap":{"0":{"name":"(anonymous_0)","decl":{"start":{"line":22,"column":18},"end":{"line":22,"column":19}},"loc":{"start":{"line":22,"column":27},"end":{"line":22,"column":51}},"line":22},"1":{"name":"(anonymous_1)","decl":{"start":{"line":30,"column":18},"end":{"line":30,"column":19}},"loc":{"start":{"line":30,"column":27},"end":{"line":30,"column":51}},"line":30},"2":{"name":"(anonymous_2)","decl":{"start":{"line":38,"column":3},"end":{"line":38,"column":4}},"loc":{"start":{"line":38,"column":23},"end":{"line":82,"column":1}},"line":38},"3":{"name":"(anonymous_3)","decl":{"start":{"line":51,"column":78},"end":{"line":51,"column":79}},"loc":{"start":{"line":51,"column":83},"end":{"line":51,"column":88}},"line":51},"4":{"name":"(anonymous_4)","decl":{"start":{"line":87,"column":3},"end":{"line":87,"column":4}},"loc":{"start":{"line":87,"column":23},"end":{"line":114,"column":1}},"line":87},"5":{"name":"(anonymous_5)","decl":{"start":{"line":96,"column":78},"end":{"line":96,"column":79}},"loc":{"start":{"line":96,"column":83},"end":{"line":96,"column":88}},"line":96},"6":{"name":"(anonymous_6)","decl":{"start":{"line":116,"column":70},"end":{"line":116,"column":71}},"loc":{"start":{"line":116,"column":90},"end":{"line":129,"column":1}},"line":116},"7":{"name":"(anonymous_7)","decl":{"start":{"line":126,"column":34},"end":{"line":126,"column":35}},"loc":{"start":{"line":126,"column":39},"end":{"line":126,"column":43}},"line":126},"8":{"name":"(anonymous_8)","decl":{"start":{"line":128,"column":38},"end":{"line":128,"column":39}},"loc":{"start":{"line":128,"column":44},"end":{"line":128,"column":98}},"line":128},"9":{"name":"(anonymous_9)","decl":{"start":{"line":131,"column":73},"end":{"line":131,"column":74}},"loc":{"start":{"line":131,"column":93},"end":{"line":144,"column":1}},"line":131},"10":{"name":"(anonymous_10)","decl":{"start":{"line":141,"column":28},"end":{"line":141,"column":29}},"loc":{"start":{"line":141,"column":33},"end":{"line":141,"column":37}},"line":141},"11":{"name":"(anonymous_11)","decl":{"start":{"line":143,"column":35},"end":{"line":143,"column":36}},"loc":{"start":{"line":143,"column":40},"end":{"line":143,"column":52}},"line":143},"12":{"name":"(anonymous_12)","decl":{"start":{"line":148,"column":3},"end":{"line":148,"column":4}},"loc":{"start":{"line":148,"column":23},"end":{"line":165,"column":1}},"line":148},"13":{"name":"(anonymous_13)","decl":{"start":{"line":161,"column":41},"end":{"line":161,"column":42}},"loc":{"start":{"line":161,"column":46},"end":{"line":161,"column":73}},"line":161},"14":{"name":"(anonymous_14)","decl":{"start":{"line":169,"column":3},"end":{"line":169,"column":4}},"loc":{"start":{"line":169,"column":23},"end":{"line":186,"column":1}},"line":169},"15":{"name":"(anonymous_15)","decl":{"start":{"line":190,"column":3},"end":{"line":190,"column":4}},"loc":{"start":{"line":190,"column":23},"end":{"line":213,"column":1}},"line":190},"16":{"name":"(anonymous_16)","decl":{"start":{"line":219,"column":3},"end":{"line":219,"column":4}},"loc":{"start":{"line":219,"column":23},"end":{"line":256,"column":1}},"line":219}},"branchMap":{"0":{"loc":{"start":{"line":13,"column":26},"end":{"line":13,"column":77}},"type":"binary-expr","locations":[{"start":{"line":13,"column":26},"end":{"line":13,"column":71}},{"start":{"line":13,"column":75},"end":{"line":13,"column":77}}],"line":13},"1":{"loc":{"start":{"line":16,"column":40},"end":{"line":16,"column":99}},"type":"binary-expr","locations":[{"start":{"line":16,"column":40},"end":{"line":16,"column":93}},{"start":{"line":16,"column":97},"end":{"line":16,"column":99}}],"line":16},"2":{"loc":{"start":{"line":17,"column":38},"end":{"line":17,"column":95}},"type":"binary-expr","locations":[{"start":{"line":17,"column":38},"end":{"line":17,"column":89}},{"start":{"line":17,"column":93},"end":{"line":17,"column":95}}],"line":17},"3":{"loc":{"start":{"line":22,"column":27},"end":{"line":22,"column":51}},"type":"binary-expr","locations":[{"start":{"line":22,"column":27},"end":{"line":22,"column":41}},{"start":{"line":22,"column":45},"end":{"line":22,"column":51}}],"line":22},"4":{"loc":{"start":{"line":30,"column":27},"end":{"line":30,"column":51}},"type":"binary-expr","locations":[{"start":{"line":30,"column":27},"end":{"line":30,"column":41}},{"start":{"line":30,"column":45},"end":{"line":30,"column":51}}],"line":30},"5":{"loc":{"start":{"line":50,"column":4},"end":{"line":52,"column":5}},"type":"if","locations":[{"start":{"line":50,"column":4},"end":{"line":52,"column":5}},{"start":{},"end":{}}],"line":50},"6":{"loc":{"start":{"line":55,"column":8},"end":{"line":78,"column":9}},"type":"if","locations":[{"start":{"line":55,"column":8},"end":{"line":78,"column":9}},{"start":{"line":76,"column":15},"end":{"line":78,"column":9}}],"line":55},"7":{"loc":{"start":{"line":95,"column":4},"end":{"line":97,"column":5}},"type":"if","locations":[{"start":{"line":95,"column":4},"end":{"line":97,"column":5}},{"start":{},"end":{}}],"line":95},"8":{"loc":{"start":{"line":99,"column":4},"end":{"line":101,"column":5}},"type":"if","locations":[{"start":{"line":99,"column":4},"end":{"line":101,"column":5}},{"start":{},"end":{}}],"line":99},"9":{"loc":{"start":{"line":103,"column":4},"end":{"line":105,"column":5}},"type":"if","locations":[{"start":{"line":103,"column":4},"end":{"line":105,"column":5}},{"start":{},"end":{}}],"line":103},"10":{"loc":{"start":{"line":106,"column":4},"end":{"line":108,"column":5}},"type":"if","locations":[{"start":{"line":106,"column":4},"end":{"line":108,"column":5}},{"start":{},"end":{}}],"line":106},"11":{"loc":{"start":{"line":122,"column":4},"end":{"line":124,"column":5}},"type":"if","locations":[{"start":{"line":122,"column":4},"end":{"line":124,"column":5}},{"start":{},"end":{}}],"line":122},"12":{"loc":{"start":{"line":137,"column":4},"end":{"line":139,"column":5}},"type":"if","locations":[{"start":{"line":137,"column":4},"end":{"line":139,"column":5}},{"start":{},"end":{}}],"line":137},"13":{"loc":{"start":{"line":155,"column":4},"end":{"line":157,"column":5}},"type":"if","locations":[{"start":{"line":155,"column":4},"end":{"line":157,"column":5}},{"start":{},"end":{}}],"line":155},"14":{"loc":{"start":{"line":159,"column":4},"end":{"line":164,"column":5}},"type":"if","locations":[{"start":{"line":159,"column":4},"end":{"line":164,"column":5}},{"start":{"line":162,"column":11},"end":{"line":164,"column":5}}],"line":159},"15":{"loc":{"start":{"line":177,"column":4},"end":{"line":179,"column":5}},"type":"if","locations":[{"start":{"line":177,"column":4},"end":{"line":179,"column":5}},{"start":{},"end":{}}],"line":177},"16":{"loc":{"start":{"line":181,"column":4},"end":{"line":185,"column":5}},"type":"if","locations":[{"start":{"line":181,"column":4},"end":{"line":185,"column":5}},{"start":{"line":183,"column":11},"end":{"line":185,"column":5}}],"line":181},"17":{"loc":{"start":{"line":196,"column":4},"end":{"line":198,"column":5}},"type":"if","locations":[{"start":{"line":196,"column":4},"end":{"line":198,"column":5}},{"start":{},"end":{}}],"line":196},"18":{"loc":{"start":{"line":201,"column":4},"end":{"line":207,"column":5}},"type":"if","locations":[{"start":{"line":201,"column":4},"end":{"line":207,"column":5}},{"start":{},"end":{}}],"line":201},"19":{"loc":{"start":{"line":226,"column":4},"end":{"line":228,"column":5}},"type":"if","locations":[{"start":{"line":226,"column":4},"end":{"line":228,"column":5}},{"start":{},"end":{}}],"line":226},"20":{"loc":{"start":{"line":231,"column":4},"end":{"line":233,"column":5}},"type":"if","locations":[{"start":{"line":231,"column":4},"end":{"line":233,"column":5}},{"start":{},"end":{}}],"line":231},"21":{"loc":{"start":{"line":231,"column":8},"end":{"line":231,"column":61}},"type":"binary-expr","locations":[{"start":{"line":231,"column":8},"end":{"line":231,"column":15}},{"start":{"line":231,"column":19},"end":{"line":231,"column":35}},{"start":{"line":231,"column":39},"end":{"line":231,"column":61}}],"line":231},"22":{"loc":{"start":{"line":235,"column":4},"end":{"line":238,"column":5}},"type":"if","locations":[{"start":{"line":235,"column":4},"end":{"line":238,"column":5}},{"start":{},"end":{}}],"line":235},"23":{"loc":{"start":{"line":240,"column":4},"end":{"line":243,"column":5}},"type":"if","locations":[{"start":{"line":240,"column":4},"end":{"line":243,"column":5}},{"start":{},"end":{}}],"line":240},"24":{"loc":{"start":{"line":246,"column":4},"end":{"line":251,"column":5}},"type":"if","locations":[{"start":{"line":246,"column":4},"end":{"line":251,"column":5}},{"start":{},"end":{}}],"line":246}},"s":{"0":5,"1":5,"2":5,"3":5,"4":5,"5":5,"6":5,"7":5,"8":5,"9":5,"10":5,"11":5,"12":5,"13":5,"14":5,"15":5,"16":3,"17":5,"18":6,"19":5,"20":6,"21":6,"22":2,"23":2,"24":4,"25":4,"26":4,"27":3,"28":3,"29":3,"30":3,"31":3,"32":3,"33":3,"34":3,"35":1,"36":0,"37":5,"38":4,"39":4,"40":1,"41":1,"42":3,"43":3,"44":0,"45":3,"46":3,"47":1,"48":2,"49":1,"50":1,"51":1,"52":1,"53":1,"54":1,"55":5,"56":2,"57":0,"58":2,"59":2,"60":8,"61":2,"62":2,"63":16,"64":5,"65":3,"66":0,"67":3,"68":3,"69":12,"70":3,"71":3,"72":1,"73":5,"74":4,"75":4,"76":0,"77":4,"78":4,"79":3,"80":3,"81":8,"82":1,"83":5,"84":2,"85":2,"86":0,"87":2,"88":2,"89":1,"90":1,"91":5,"92":3,"93":3,"94":1,"95":2,"96":2,"97":1,"98":1,"99":1,"100":1,"101":1,"102":2,"103":5,"104":5,"105":5,"106":0,"107":5,"108":5,"109":1,"110":4,"111":1,"112":1,"113":3,"114":1,"115":1,"116":2,"117":2,"118":1,"119":1,"120":1,"121":1,"122":1,"123":1,"124":1,"125":5},"f":{"0":3,"1":6,"2":6,"3":2,"4":4,"5":1,"6":2,"7":8,"8":16,"9":3,"10":12,"11":1,"12":4,"13":8,"14":2,"15":3,"16":5},"b":{"0":[5,0],"1":[5,0],"2":[5,5],"3":[3,0],"4":[6,0],"5":[2,4],"6":[3,1],"7":[1,3],"8":[0,3],"9":[1,2],"10":[1,1],"11":[0,2],"12":[0,3],"13":[0,4],"14":[3,1],"15":[0,2],"16":[1,1],"17":[1,2],"18":[1,1],"19":[0,5],"20":[1,4],"21":[5,5,4],"22":[1,3],"23":[1,2],"24":[1,1]},"_coverageSchema":"1a1c01bbd47fc00a2c39e90264f33305004495a9","hash":"f6c936650944539a8d62e13687b6b18c193b15fe"}
[...]
":{"start":{"line":63,"column":4},"end":{"line":67,"column":5}},"type":"if","locations":[{"start":{"line":63,"column":4},"end":{"line":67,"column":5}},{"start":{"line":65,"column":11},"end":{"line":67,"column":5}}],"line":63},"6":{"loc":{"start":{"line":77,"column":4},"end":{"line":81,"column":5}},"type":"if","locations":[{"start":{"line":77,"column":4},"end":{"line":81,"column":5}},{"start":{"line":79,"column":11},"end":{"line":81,"column":5}}],"line":77},"7":{"loc":{"start":{"line":92,"column":4},"end":{"line":94,"column":5}},"type":"if","locations":[{"start":{"line":92,"column":4},"end":{"line":94,"column":5}},{"start":{},"end":{}}],"line":92},"8":{"loc":{"start":{"line":95,"column":4},"end":{"line":97,"column":5}},"type":"if","locations":[{"start":{"line":95,"column":4},"end":{"line":97,"column":5}},{"start":{},"end":{}}],"line":95},"9":{"loc":{"start":{"line":98,"column":4},"end":{"line":100,"column":5}},"type":"if","locations":[{"start":{"line":98,"column":4},"end":{"line":100,"column":5}},{"start":{},"end":{}}],"line":98},"10":{"loc":{"start":{"line":98,"column":8},"end":{"line":98,"column":47}},"type":"binary-expr","locations":[{"start":{"line":98,"column":8},"end":{"line":98,"column":22}},{"start":{"line":98,"column":26},"end":{"line":98,"column":47}}],"line":98},"11":{"loc":{"start":{"line":114,"column":4},"end":{"line":116,"column":5}},"type":"if","locations":[{"start":{"line":114,"column":4},"end":{"line":116,"column":5}},{"start":{},"end":{}}],"line":114},"12":{"loc":{"start":{"line":117,"column":4},"end":{"line":119,"column":5}},"type":"if","locations":[{"start":{"line":117,"column":4},"end":{"line":119,"column":5}},{"start":{},"end":{}}],"line":117}},"s":{"0":5,"1":5,"2":5,"3":5,"4":5,"5":5,"6":3,"7":3,"8":3,"9":5,"10":3,"11":0,"12":3,"13":1,"14":1,"15":1,"16":1,"17":1,"18":2,"19":2,"20":0,"21":2,"22":2,"23":2,"24":2,"25":2,"26":5,"27":0,"28":0,"29":0,"30":0,"31":5,"32":0,"33":0,"34":0,"35":0,"36":5,"37":0,"38":0,"39":0,"40":0,"41":0,"42":0,"43":0,"44":0,"45":0,"46":5,"47":0,"48":0,"49":0,"50":0,"51":0,"52":0,"53":0,"54":0,"55":0,"56":0,"57":0,"58":0,"59":0,"60":5},"f":{"0":3,"1":3,"2":2,"3":0,"4":0,"5":0,"6":0},"b":{"0":[3,0],"1":[0,3],"2":[1,2],"3":[3,1],"4":[0,2],"5":[0,0],"6":[0,0],"7":[0,0],"8":[0,0],"9":[0,0],"10":[0,0],"11":[0,0],"12":[0,0]},"_coverageSchema":"1a1c01bbd47fc00a2c39e90264f33305004495a9","hash":"2dda2716ce698eaef806debd7f46ff253ce279aa"}
,"/Users/marcolupi/DevPrj/sismochat_api/services/auth.js": {"path":"/Users/marcolupi/DevPrj/sismochat_api/services/auth.js","statementMap":{"0":{"start":{"line":1,"column":15},"end":{"line":1,"column":32}},"1":{"start":{"line":2,"column":11},"end":{"line":2,"column":40}},"2":{"start":{"line":3,"column":13},"end":{"line":3,"column":34}},"3":{"start":{"line":6,"column":14},"end":{"line":6,"column":60}},"4":{"start":{"line":7,"column":4},"end":{"line":9,"column":5}},"5":{"start":{"line":8,"column":8},"end":{"line":8,"column":28}},"6":{"start":{"line":10,"column":18},"end":{"line":10,"column":61}},"7":{"start":{"line":11,"column":4},"end":{"line":11,"column":72}},"8":{"start":{"line":15,"column":19},"end":{"line":15,"column":42}},"9":{"start":{"line":16,"column":21},"end":{"line":16,"column":51}},"10":{"start":{"line":17,"column":23},"end":{"line":17,"column":54}},"11":{"start":{"line":19,"column":14},"end":{"line":19,"column":45}},"12":{"start":{"line":20,"column":4},"end":{"line":22,"column":5}},"13":{"start":{"line":21,"column":8},"end":{"line":21,"column":55}},"14":{"start":{"line":25,"column":4},"end":{"line":29,"column":5}},"15":{"start":{"line":26,"column":8},"end":{"line":26,"column":78}},"16":{"start":{"line":28,"column":8},"end":{"line":28,"column":58}},"17":{"start":{"line":31,"column":4},"end":{"line":33,"column":5}},"18":{"start":{"line":32,"column":8},"end":{"line":32,"column":58}},"19":{"start":{"line":35,"column":14},"end":{"line":35,"column":61}},"20":{"start":{"line":36,"column":4},"end":{"line":38,"column":5}},"21":{"start":{"line":37,"column":8},"end":{"line":37,"column":78}},"22":{"start":{"line":39,"column":4},"end":{"line":41,"column":5}},"23":{"start":{"line":40,"column":8},"end":{"line":40,"column":78}},"24":{"start":{"line":43,"column":4},"end":{"line":43,"column":80}},"25":{"start":{"line":46,"column":0},"end":{"line":46,"column":42}}},"fnMap":{"0":{"name":"parentAuth","decl":{"start":{"line":5,"column":15},"end":{"line":5,"column":25}},"loc":{"start":{"line":5,"column":38},"end":{"line":12,"column":1}},"line":5},"1":{"name":"userAuth","decl":{"start":{"line":14,"column":15},"end":{"line":14,"column":23}},"loc":{"start":{"line":14,"column":35},"end":{"line":44,"column":1}},"line":14}},"branchMap":{"0":{"loc":{"start":{"line":7,"column":4},"end":{"line":9,"column":5}},"type":"if","locations":[{"start":{"line":7,"column":4},"end":{"line":9,"column":5}},{"start":{},"end":{}}],"line":7},"1":{"loc":{"start":{"line":7,"column":8},"end":{"line":7,"column":30}},"type":"binary-expr","locations":[{"start":{"line":7,"column":8},"end":{"line":7,"column":10}},{"start":{"line":7,"column":14},"end":{"line":7,"column":30}}],"line":7},"2":{"loc":{"start":{"line":11,"column":11},"end":{"line":11,"column":71}},"type":"cond-expr","locations":[{"start":{"line":11,"column":19},"end":{"line":11,"column":56}},{"start":{"line":11,"column":59},"end":{"line":11,"column":71}}],"line":11},"3":{"loc":{"start":{"line":20,"column":4},"end":{"line":22,"column":5}},"type":"if","locations":[{"start":{"line":20,"column":4},"end":{"line":22,"column":5}},{"start":{},"end":{}}],"line":20},"4":{"loc":{"start":{"line":31,"column":4},"end":{"line":33,"column":5}},"type":"if","locations":[{"start":{"line":31,"column":4},"end":{"line":33,"column":5}},{"start":{},"end":{}}],"line":31},"5":{"loc":{"start":{"line":36,"column":4},"end":{"line":38,"column":5}},"type":"if","locations":[{"start":{"line":36,"column":4},"end":{"line":38,"column":5}},{"start":{},"end":{}}],"line":36},"6":{"loc":{"start":{"line":39,"column":4},"end":{"line":41,"column":5}},"type":"if","locations":[{"start":{"line":39,"column":4},"end":{"line":41,"column":5}},{"start":{},"end":{}}],"line":39}},"s":{"0":5,"1":5,"2":5,"3":5,"4":5,"5":1,"6":4,"7":4,"8":4,"9":4,"10":4,"11":4,"12":4,"13":1,"14":3,"15":3,"16":0,"17":3,"18":1,"19":2,"20":2,"21":0,"22":2,"23":0,"24":2,"25":5},"f":{"0":5,"1":4},"b":{"0":[1,4],"1":[5,4],"2":[3,1],"3":[1,3],"4":[1,2],"5":[0,2],"6":[0,2]},"_coverageSchema":"1a1c01bbd47fc00a2c39e90264f33305004495a9","hash":"f57187b1e32ff52355586314d42ae6bc1142984c"}
,"/Users/marcolupi/DevPrj/sismochat_api/services/email.js": {"path":"/Users/marcolupi/DevPrj/sismochat_api/services/email.js","statementMap":{"0":{"start":{"line":1,"column":19},"end":{"line":1,"column":36}},"1":{"start":{"line":3,"column":15},"end":{"line":5,"column":8}},"2":{"start":{"line":7,"column":19},"end":{"line":7,"column":74}},"3":{"start":{"line":10,"column":2},"end":{"line":13,"column":3}},"4":{"start":{"line":11,"column":4},"end":{"line":11,"column":71}},"5":{"start":{"line":12,"column":4},"end":{"line":12,"column":11}},"6":{"start":{"line":15,"column":2},"end":{"line":20,"column":5}},"7":{"start":{"line":23,"column":0},"end":{"line":23,"column":34}}},"fnMap":{"0":{"name":"sendResetOtp","decl":{"start":{"line":9,"column":15},"end":{"line":9,"column":27}},"loc":{"start":{"line":9,"column":42},"end":{"line":21,"column":1}},"line":9}},"branchMap":{"0":{"loc":{"start":{"line":3,"column":15},"end":{"line":5,"column":8}},"type":"cond-expr","locations":[{"start":{"line":4,"column":4},"end":{"line":4,"column":42}},{"start":{"line":5,"column":4},"end":{"line":5,"column":8}}],"line":3},"1":{"loc":{"start":{"line":7,"column":19},"end":{"line":7,"column":74}},"type":"binary-expr","locations":[{"start":{"line":7,"column":19},"end":{"line":7,"column":47}},{"start":{"line":7,"column":51},"end":{"line":7,"column":74}}],"line":7},"2":{"loc":{"start":{"line":10,"column":2},"end":{"line":13,"column":3}},"type":"if","locations":[{"start":{"line":10,"column":2},"end":{"line":13,"column":3}},{"start":{},"end":{}}],"line":10}},"s":{"0":4,"1":4,"2":4,"3":0,"4":0,"5":0,"6":0,"7":4},"f":{"0":0},"b":{"0":[0,4],"1":[4,4],"2":[0,0]},"_coverageSchema":"1a1c01bbd47fc00a2c39e90264f33305004495a9","hash":"92008d2bb6bf84d8b6f66979ea26ade923542125"}
,"/Users/marcolupi/DevPrj/sismochat_api/services/stateCert.js": {"path":"/Users/marcolupi/DevPrj/sismochat_api/services/stateCert.js","statementMap":{"0":{"start":{"line":1,"column":12},"end":{"line":1,"column":35}},"1":{"start":{"line":2,"column":11},"end":{"line":2,"column":40}},"2":{"start":{"line":4,"column":15},"end":{"line":4,"column":37}},"3":{"start":{"line":7,"column":19},"end":{"line":7,"column":54}},"4":{"start":{"line":8,"column":4},"end":{"line":8,"column":29}},"5":{"start":{"line":8,"column":17},"end":{"line":8,"column":29}},"6":{"start":{"line":10,"column":21},"end":{"line":10,"column":76}},"7":{"start":{"line":11,"column":25},"end":{"line":22,"column":7}},"8":{"start":{"line":12,"column":23},"end":{"line":12,"column":80}},"9":{"start":{"line":13,"column":28},"end":{"line":13,"column":87}},"10":{"start":{"line":14,"column":8},"end":{"line":21,"column":10}},"11":{"start":{"line":20,"column":47},"end":{"line":20,"column":91}},"12":{"start":{"line":24,"column":20},"end":{"line":31,"column":5}},"13":{"start":{"line":33,"column":4},"end":{"line":33,"column":37}},"14":{"start":{"line":36,"column":0},"end":{"line":36,"column":39}}},"fnMap":{"0":{"name":"generateStateCert","decl":{"start":{"line":6,"column":15},"end":{"line":6,"column":32}},"loc":{"start":{"line":6,"column":43},"end":{"line":34,"column":1}},"line":6},"1":{"name":"(anonymous_1)","decl":{"start":{"line":11,"column":56},"end":{"line":11,"column":57}},"loc":{"start":{"line":11,"column":73},"end":{"line":22,"column":5}},"line":11},"2":{"name":"(anonymous_2)","decl":{"start":{"line":20,"column":41},"end":{"line":20,"column":42}},"loc":{"start":{"line":20,"column":47},"end":{"line":20,"column":91}},"line":20}},"branchMap":{"0":{"loc":{"start":{"line":8,"column":4},"end":{"line":8,"column":29}},"type":"if","locations":[{"start":{"line":8,"column":4},"end":{"line":8,"column":29}},{"start":{},"end":{}}],"line":8},"1":{"loc":{"start":{"line":19,"column":22},"end":{"line":19,"column":47}},"type":"cond-expr","locations":[{"start":{"line":19,"column":31},"end":{"line":19,"column":40}},{"start":{"line":19,"column":43},"end":{"line":19,"column":47}}],"line":19}},"s":{"0":5,"1":5,"2":5,"3":20,"4":20,"5":0,"6":20,"7":20,"8":38,"9":38,"10":38,"11":47,"12":20,"13":20,"14":5},"f":{"0":20,"1":38,"2":47},"b":{"0":[0,20],"1":[26,12]},"_coverageSchema":"1a1c01bbd47fc00a2c39e90264f33305004495a9","hash":"5d6768d332804285f203069787e9f5f16b1c0960"}
,"/Users/marcolupi/DevPrj/sismochat_api/services/systemMessage.js": {"path":"/Users/marcolupi/DevPrj/sismochat_api/services/systemMessage.js","statementMap":{"0":{"start":{"line":1,"column":11},"end":{"line":1,"column":40}},"1":{"start":{"line":2,"column":13},"end":{"line":2,"column":34}},"2":{"start":{"line":3,"column":19},"end":{"line":3,"column":41}},"3":{"start":{"line":6,"column":16},"end":{"line":12,"column":6}},"4":{"start":{"line":13,"column":4},"end":{"line":13,"column":75}},"5":{"start":{"line":14,"column":4},"end":{"line":14,"column":15}},"6":{"start":{"line":17,"column":0},"end":{"line":17,"column":39}}},"fnMap":{"0":{"name":"sendSystemMessage","decl":{"start":{"line":5,"column":15},"end":{"line":5,"column":32}},"loc":{"start":{"line":5,"column":43},"end":{"line":15,"column":1}},"line":5}},"branchMap":{},"s":{"0":5,"1":5,"2":5,"3":2,"4":2,"5":2,"6":5},"f":{"0":2},"b":{},"_coverageSchema":"1a1c01bbd47fc00a2c39e90264f33305004495a9","hash":"a90cde56f87a029e837316788f2df59d092c9c36"}
,"/Users/marcolupi/DevPrj/sismochat_api/services/websocket.js": {"path":"/Users/marcolupi/DevPrj/sismochat_api/services/websocket.js","statementMap":{"0":{"start":{"line":1,"column":28},"end":{"line":1,"column":41}},"1":{"start":{"line":2,"column":12},"end":{"line":2,"column":35}},"2":{"start":{"line":4,"column":15},"end":{"line":4,"column":37}},"3":{"start":{"line":5,"column":16},"end":{"line":5,"column":25}},"4":{"start":{"line":6,"column":27},"end":{"line":6,"column":32}},"5":{"start":{"line":9,"column":16},"end":{"line":9,"column":60}},"6":{"start":{"line":11,"column":4},"end":{"line":48,"column":7}},"7":{"start":{"line":12,"column":33},"end":{"line":12,"column":69}},"8":{"start":{"line":13,"column":22},"end":{"line":13,"column":47}},"9":{"start":{"line":15,"column":8},"end":{"line":18,"column":9}},"10":{"start":{"line":16,"column":12},"end":{"line":16,"column":45}},"11":{"start":{"line":17,"column":12},"end":{"line":17,"column":19}},"12":{"start":{"line":20,"column":8},"end":{"line":47,"column":11}},"13":{"start":{"line":21,"column":12},"end":{"line":24,"column":13}},"14":{"start":{"line":22,"column":16},"end":{"line":22,"column":48}},"15":{"start":{"line":23,"column":16},"end":{"line":23,"column":23}},"16":{"start":{"line":26,"column":27},"end":{"line":26,"column":39}},"17":{"start":{"line":27,"column":12},"end":{"line":27,"column":31}},"18":{"start":{"line":28,"column":12},"end":{"line":28,"column":41}},"19":{"start":{"line":29,"column":12},"end":{"line":29,"column":30}},"20":{"start":{"line":31,"column":12},"end":{"line":31,"column":56}},"21":{"start":{"line":31,"column":34},"end":{"line":31,"column":52}},"22":{"start":{"line":33,"column":12},"end":{"line":35,"column":13}},"23":{"start":{"line":34,"column":16},"end":{"line":34,"column":47}},"24":{"start":{"line":36,"column":12},"end":{"line":36,"column":40}},"25":{"start":{"line":38,"column":12},"end":{"line":46,"column":15}},"26":{"start":{"line":39,"column":34},"end":{"line":39,"column":53}},"27":{"start":{"line":40,"column":16},"end":{"line":45,"column":17}},"28":{"start":{"line":41,"column":20},"end":{"line":41,"column":41}},"29":{"start":{"line":42,"column":20},"end":{"line":44,"column":21}},"30":{"start":{"line":43,"column":24},"end":{"line":43,"column":47}},"31":{"start":{"line":50,"column":21},"end":{"line":58,"column":26}},"32":{"start":{"line":51,"column":8},"end":{"line":57,"column":11}},"33":{"start":{"line":52,"column":12},"end":{"line":52,"column":51}},"34":{"start":{"line":52,"column":29},"end":{"line":52,"column":51}},"35":{"start":{"line":53,"column":12},"end":{"line":53,"column":31}},"36":{"start":{"line":54,"column":12},"end":{"line":54,"column":22}},"37":{"start":{"line":56,"column":12},"end":{"line":56,"column":79}},"38":{"start":{"line":56,"column":37},"end":{"line":56,"column":79}},"39":{"start":{"line":60,"column":4},"end":{"line":60,"column":51}},"40":{"start":{"line":60,"column":26},"end":{"line":60,"column":49}},"41":{"start":{"line":61,"column":4},"end":{"line":61,"column":37}},"42":{"start":{"line":63,"column":4},"end":{"line":63,"column":15}},"43":{"start":{"line":67,"column":18},"end":{"line":67,"column":37}},"44":{"start":{"line":68,"column":4},"end":{"line":75,"column":5}},"45":{"start":{"line":69,"column":20},"end":{"line":69,"column":43}},"46":{"start":{"line":70,"column":8},"end":{"line":74,"column":11}},"47":{"start":{"line":71,"column":12},"end":{"line":73,"column":13}},"48":{"start":{"line":72,"column":16},"end":{"line":72,"column":29}},"49":{"start":{"line":79,"column":4},"end":{"line":79,"column":63}},"50":{"start":{"line":82,"column":0},"end":{"line":82,"column":54}}},"fnMap":{"0":{"name":"setupWebSocket","decl":{"start":{"line":8,"column":9},"end":{"line":8,"column":23}},"loc":{"start":{"line":8,"column":32},"end":{"line":64,"column":1}},"line":8},"1":{"name":"(anonymous_1)","decl":{"start":{"line":11,"column":25},"end":{"line":11,"column":26}},"loc":{"start":{"line":11,"column":38},"end":{"line":48,"column":5}},"line":11},"2":{"name":"(anonymous_2)","decl":{"start":{"line":20,"column":34},"end":{"line":20,"column":35}},"loc":{"start":{"line":20,"column":52},"end":{"line":47,"column":9}},"line":20},"3":{"name":"(anonymous_3)","decl":{"start":{"line":31,"column":26},"end":{"line":31,"column":27}},"loc":{"start":{"line":31,"column":32},"end":{"line":31,"column":54}},"line":31},"4":{"name":"(anonymous_4)","decl":{"start":{"line":38,"column":27},"end":{"line":38,"column":28}},"loc":{"start":{"line":38,"column":33},"end":{"line":46,"column":13}},"line":38},"5":{"name":"(anonymous_5)","decl":{"start":{"line":50,"column":33},"end":{"line":50,"column":34}},"loc":{"start":{"line":50,"column":39},"end":{"line":58,"column":5}},"line":50},"6":{"name":"(anonymous_6)","decl":{"start":{"line":51,"column":28},"end":{"line":51,"column":29}},"loc":{"start":{"line":51,"column":34},"end":{"line":57,"column":9}},"line":51},"7":{"name":"(anonymous_7)","decl":{"start":{"line":60,"column":20},"end":{"line":60,"column":21}},"loc":{"start":{"line":60,"column":26},"end":{"line":60,"column":49}},"line":60},"8":{"name":"notify","decl":{"start":{"line":66,"column":9},"end":{"line":66,"column":15}},"loc":{"start":{"line":66,"column":33},"end":{"line":76,"column":1}},"line":66},"9":{"name":"(anonymous_9)","decl":{"start":{"line":70,"column":22},"end":{"line":70,"column":23}},"loc":{"start":{"line":70,"column":28},"end":{"line":74,"column":9}},"line":70},"10":{"name":"isOnline","decl":{"start":{"line":78,"column":9},"end":{"line":78,"column":17}},"loc":{"start":{"line":78,"column":26},"end":{"line":80,"column":1}},"line":78}},"branchMap":{"0":{"loc":{"start":{"line":15,"column":8},"end":{"line":18,"column":9}},"type":"if","locations":[{"start":{"line":15,"column":8},"end":{"line":18,"column":9}},{"start":{},"end":{}}],"line":15},"1":{"loc":{"start":{"line":21,"column":12},"end":{"line":24,"column":13}},"type":"if","locations":[{"start":{"line":21,"column":12},"end":{"line":24,"column":13}},{"start":{},"end":{}}],"line":21},"2":{"loc":{"start":{"line":33,"column":12},"end":{"line":35,"column":13}},"type":"if","locations":[{"start":{"line":33,"column":12},"end":{"line":35,"column":13}},{"start":{},"end":{}}],"line":33},"3":{"loc":{"start":{"line":40,"column":16},"end":{"line":45,"column":17}},"type":"if","locations":[{"start":{"line":40,"column":16},"end":{"line":45,"column":17}},{"start":{},"end":{}}],"line":40},"4":{"loc":{"start":{"line":42,"column":20},"end":{"line":44,"column":21}},"type":"if","locations":[{"start":{"line":42,"column":20},"end":{"line":44,"column":21}},{"start":{},"end":{}}],"line":42},"5":{"loc":{"start":{"line":52,"column":12},"end":{"line":52,"column":51}},"type":"if","locations":[{"start":{"line":52,"column":12},"end":{"line":52,"column":51}},{"start":{},"end":{}}],"line":52},"6":{"loc":{"start":{"line":56,"column":12},"end":{"line":56,"column":79}},"type":"if","locations":[{"start":{"line":56,"column":12},"end":{"line":56,"column":79}},{"start":{},"end":{}}],"line":56},"7":{"loc":{"start":{"line":68,"column":4},"end":{"line":75,"column":5}},"type":"if","locations":[{"start":{"line":68,"column":4},"end":{"line":75,"column":5}},{"start":{},"end":{}}],"line":68},"8":{"loc":{"start":{"line":71,"column":12},"end":{"line":73,"column":13}},"type":"if","locations":[{"start":{"line":71,"column":12},"end":{"line":73,"column":13}},{"start":{},"end":{}}],"line":71},"9":{"loc":{"start":{"line":79,"column":11},"end":{"line":79,"column":62}},"type":"binary-expr","locations":[{"start":{"line":79,"column":11},"end":{"line":79,"column":30}},{"start":{"line":79,"column":34},"end":{"line":79,"column":62}}],"line":79}},"s":{"0":5,"1":5,"2":5,"3":5,"4":5,"5":1,"6":1,"7":5,"8":5,"9":5,"10":1,"11":1,"12":4,"13":4,"14":1,"15":1,"16":3,"17":3,"18":3,"19":3,"20":3,"21":0,"22":3,"23":3,"24":3,"25":3,"26":2,"27":2,"28":2,"29":2,"30":2,"31":1,"32":0,"33":0,"34":0,"35":0,"36":0,"37":0,"38":0,"39":1,"40":0,"41":1,"42":1,"43":11,"44":11,"45":1,"46":1,"47":1,"48":1,"49":2,"50":5},"f":{"0":1,"1":5,"2":4,"3":0,"4":2,"5":0,"6":0,"7":0,"8":11,"9":1,"10":2},"b":{"0":[1,4],"1":[1,3],"2":[3,0],"3":[2,0],"4":[2,0],"5":[0,0],"6":[0,0],"7":[1,10],"8":[1,0],"9":[2,1]},"_coverageSchema":"1a1c01bbd47fc00a2c39e90264f33305004495a9","hash":"54a5dcbf7024f8fa1b93dd3e9f25a353bb64b035"}
}
