TN:
SF:app.js
FN:42,(anonymous_0)
FN:54,(anonymous_1)
FNF:2
FNH:1
FNDA:2,(anonymous_0)
FNDA:0,(anonymous_1)
DA:1,5
DA:2,5
DA:3,5
DA:4,5
DA:5,5
DA:6,5
DA:7,5
DA:10,5
DA:13,5
DA:20,5
DA:26,5
DA:27,5
DA:30,5
DA:31,5
DA:32,5
DA:33,5
DA:34,5
DA:35,5
DA:36,5
DA:37,5
DA:38,5
DA:40,5
DA:42,5
DA:43,2
DA:44,2
DA:45,1
DA:47,1
DA:51,5
DA:54,5
DA:55,0
DA:56,0
DA:62,5
LF:32
LH:30
BRDA:14,0,0,5
BRDA:14,0,1,5
BRDA:55,1,0,0
BRDA:55,1,1,0
BRDA:56,2,0,0
BRDA:56,2,1,0
BRDA:58,3,0,0
BRDA:58,3,1,0
BRF:8
BRH:2
end_of_record
TN:
SF:util.js
FN:18,(anonymous_0)
FN:23,(anonymous_1)
FN:28,(anonymous_2)
FN:33,(anonymous_3)
FN:38,(anonymous_4)
FN:39,(anonymous_5)
FN:44,(anonymous_6)
FN:45,(anonymous_7)
FN:50,(anonymous_8)
FN:51,(anonymous_9)
FN:56,(anonymous_10)
FN:57,(anonymous_11)
FN:70,(anonymous_12)
FN:71,(anonymous_13)
FN:81,(anonymous_14)
FN:85,(anonymous_15)
FNF:16
FNH:14
FNDA:0,(anonymous_0)
FNDA:4,(anonymous_1)
FNDA:10,(anonymous_2)
FNDA:0,(anonymous_3)
FNDA:30,(anonymous_4)
FNDA:30,(anonymous_5)
FNDA:8,(anonymous_6)
FNDA:8,(anonymous_7)
FNDA:4,(anonymous_8)
FNDA:4,(anonymous_9)
FNDA:8,(anonymous_10)
FNDA:8,(anonymous_11)
FNDA:8,(anonymous_12)
FNDA:8,(anonymous_13)
FNDA:8,(anonymous_14)
FNDA:9,(anonymous_15)
DA:1,5
DA:19,0
DA:20,0
DA:24,4
DA:25,4
DA:29,10
DA:30,10
DA:34,0
DA:35,0
DA:39,30
DA:40,30
DA:45,8
DA:46,8
DA:51,4
DA:52,4
DA:57,8
DA:58,8
DA:59,8
DA:60,28
DA:64,28
DA:66,8
DA:71,8
DA:72,8
DA:73,8
DA:75,0
DA:82,8
DA:86,9
DA:90,5
LF:28
LH:23
BRDA:72,0,0,8
BRDA:72,0,1,0
BRF:2
BRH:1
end_of_record
TN:
SF:middleware/auth.js
FN:10,authenticate
FN:16,(anonymous_1)
FN:26,authorize
FN:27,(anonymous_3)
FNF:4
FNH:4
FNDA:67,authenticate
FNDA:55,(anonymous_1)
FNDA:105,authorize
FNDA:49,(anonymous_3)
DA:1,5
DA:3,5
DA:4,0
DA:7,5
DA:11,67
DA:12,67
DA:13,12
DA:15,55
DA:16,55
DA:17,55
DA:18,0
DA:20,55
DA:21,55
DA:27,105
DA:28,49
DA:29,4
DA:31,45
DA:35,5
LF:18
LH:16
BRDA:3,0,0,0
BRDA:3,0,1,5
BRDA:12,1,0,12
BRDA:12,1,1,55
BRDA:17,2,0,0
BRDA:17,2,1,55
BRDA:28,3,0,4
BRDA:28,3,1,45
BRF:8
BRH:6
end_of_record
TN:
SF:models/connections.js
FN:4,(anonymous_0)
FN:6,(anonymous_1)
FN:19,(anonymous_2)
FNF:3
FNH:3
FNDA:5,(anonymous_0)
FNDA:5,(anonymous_1)
FNDA:7,(anonymous_2)
DA:2,5
DA:3,5
DA:4,5
DA:7,5
DA:8,5
DA:11,5
DA:19,7
DA:20,5
LF:8
LH:8
BRDA:19,0,0,2
BRDA:19,0,1,5
BRF:2
BRH:2
end_of_record
TN:
SF:models/devices.js
FN:4,(anonymous_0)
FN:6,(anonymous_1)
FN:16,(anonymous_2)
FNF:3
FNH:3
FNDA:5,(anonymous_0)
FNDA:5,(anonymous_1)
FNDA:8,(anonymous_2)
DA:2,5
DA:3,5
DA:4,5
DA:7,5
DA:10,5
DA:16,8
DA:17,5
LF:7
LH:7
BRDA:16,0,0,5
BRDA:16,0,1,3
BRF:2
BRH:2
end_of_record
TN:
SF:models/index.js
FN:20,(anonymous_0)
FN:23,(anonymous_1)
FN:28,(anonymous_2)
FNF:3
FNH:3
FNDA:30,(anonymous_0)
FNDA:25,(anonymous_1)
FNDA:25,(anonymous_2)
DA:2,5
DA:3,5
DA:4,5
DA:5,5
DA:6,5
DA:7,5
DA:8,5
DA:9,5
DA:12,5
DA:13,0
DA:15,5
DA:18,5
DA:21,30
DA:24,25
DA:25,25
DA:28,5
DA:29,25
DA:30,25
DA:34,5
DA:35,5
DA:37,5
LF:21
LH:20
BRDA:7,0,0,5
BRDA:7,0,1,0
BRDA:12,1,0,0
BRDA:12,1,1,5
BRDA:21,2,0,30
BRDA:21,2,1,30
BRDA:21,2,2,25
BRDA:29,3,0,25
BRDA:29,3,1,0
BRF:9
BRH:6
end_of_record
TN:
SF:models/messages.js
FN:4,(anonymous_0)
FN:6,(anonymous_1)
FN:21,(anonymous_2)
FNF:3
FNH:3
FNDA:5,(anonymous_0)
FNDA:5,(anonymous_1)
FNDA:7,(anonymous_2)
DA:2,5
DA:3,5
DA:4,5
DA:7,5
DA:8,5
DA:11,5
DA:21,7
DA:22,5
LF:8
LH:8
BRDA:21,0,0,7
BRDA:21,0,1,0
BRF:2
BRH:1
end_of_record
TN:
SF:models/parents.js
FN:4,(anonymous_0)
FN:6,(anonymous_1)
FN:20,(anonymous_2)
FNF:3
FNH:3
FNDA:5,(anonymous_0)
FNDA:5,(anonymous_1)
FNDA:6,(anonymous_2)
DA:2,5
DA:3,5
DA:4,5
DA:7,5
DA:10,5
DA:20,6
DA:21,5
LF:7
LH:7
BRDA:20,0,0,3
BRDA:20,0,1,3
BRF:2
BRH:2
end_of_record
TN:
SF:models/users.js
FN:4,(anonymous_0)
FN:6,(anonymous_1)
FN:25,(anonymous_2)
FNF:3
FNH:3
FNDA:5,(anonymous_0)
FNDA:5,(anonymous_1)
FNDA:9,(anonymous_2)
DA:2,5
DA:3,5
DA:4,5
DA:7,5
DA:8,5
DA:9,5
DA:10,5
DA:13,5
DA:25,9
DA:26,5
LF:10
LH:10
BRDA:25,0,0,6
BRDA:25,0,1,3
BRF:2
BRH:2
end_of_record
TN:
SF:routes/assets.js
FN:8,(anonymous_0)
FN:16,(anonymous_1)
FNF:2
FNH:2
FNDA:2,(anonymous_0)
FNDA:3,(anonymous_1)
DA:1,5
DA:2,5
DA:4,5
DA:5,5
DA:8,5
DA:12,2
DA:16,5
DA:20,3
DA:23,5
LF:9
LH:9
BRF:0
BRH:0
end_of_record
TN:
SF:routes/auth.js
FN:11,(anonymous_0)
FN:29,(anonymous_1)
FN:41,(anonymous_2)
FN:61,(anonymous_3)
FNF:4
FNH:4
FNDA:6,(anonymous_0)
FNDA:3,(anonymous_1)
FNDA:4,(anonymous_2)
FNDA:2,(anonymous_3)
DA:1,5
DA:2,5
DA:3,5
DA:4,5
DA:6,5
DA:8,5
DA:23,6
DA:24,6
DA:25,1
DA:27,5
DA:28,5
DA:29,3
DA:30,3
DA:31,3
DA:32,3
DA:34,2
DA:35,1
DA:37,1
DA:41,5
DA:52,4
DA:53,0
DA:55,4
DA:56,4
DA:57,0
DA:59,4
DA:60,4
DA:61,2
DA:62,2
DA:63,0
DA:65,2
DA:69,2
DA:73,5
LF:32
LH:29
BRDA:24,0,0,1
BRDA:24,0,1,5
BRDA:28,1,0,3
BRDA:28,1,1,2
BRDA:34,2,0,1
BRDA:34,2,1,1
BRDA:52,3,0,0
BRDA:52,3,1,4
BRDA:56,4,0,0
BRDA:56,4,1,4
BRDA:60,5,0,2
BRDA:60,5,1,2
BRDA:62,6,0,0
BRDA:62,6,1,2
BRF:14
BRH:11
end_of_record
TN:
SF:routes/connection.js
FN:9,(anonymous_0)
FN:26,(anonymous_1)
FN:34,(anonymous_2)
FN:45,(anonymous_3)
FN:47,(anonymous_4)
FN:51,(anonymous_5)
FN:61,(anonymous_6)
FN:63,(anonymous_7)
FN:67,(anonymous_8)
FN:85,(anonymous_9)
FN:92,(anonymous_10)
FN:118,(anonymous_11)
FNF:12
FNH:6
FNDA:2,(anonymous_0)
FNDA:4,(anonymous_1)
FNDA:0,(anonymous_2)
FNDA:0,(anonymous_3)
FNDA:0,(anonymous_4)
FNDA:0,(anonymous_5)
FNDA:0,(anonymous_6)
FNDA:0,(anonymous_7)
FNDA:2,(anonymous_8)
FNDA:2,(anonymous_9)
FNDA:2,(anonymous_10)
FNDA:3,(anonymous_11)
DA:1,5
DA:2,5
DA:3,5
DA:4,5
DA:5,5
DA:6,5
DA:9,5
DA:16,2
DA:17,0
DA:19,2
DA:20,2
DA:21,2
DA:26,2
DA:27,4
DA:28,4
DA:30,2
DA:34,5
DA:41,0
DA:42,0
DA:44,0
DA:45,0
DA:46,0
DA:47,0
DA:51,5
DA:57,0
DA:58,0
DA:60,0
DA:61,0
DA:62,0
DA:63,0
DA:67,5
DA:75,2
DA:76,1
DA:78,1
DA:79,1
DA:80,1
DA:85,1
DA:86,2
DA:87,2
DA:89,1
DA:92,5
DA:99,2
DA:100,0
DA:103,2
DA:106,2
DA:107,1
DA:109,1
DA:111,1
DA:112,1
DA:113,1
DA:115,1
DA:118,5
DA:131,3
DA:132,3
DA:133,1
DA:135,2
DA:136,1
DA:138,1
DA:139,1
DA:140,1
DA:142,1
DA:143,1
DA:144,1
DA:147,1
DA:148,1
DA:149,1
DA:150,1
DA:151,1
DA:155,1
DA:156,1
DA:158,1
DA:159,1
DA:160,1
DA:162,1
DA:163,0
DA:164,0
DA:166,0
DA:167,0
DA:168,0
DA:171,0
DA:172,0
DA:174,0
DA:178,5
LF:83
LH:61
BRDA:16,0,0,0
BRDA:16,0,1,2
BRDA:19,1,0,2
BRDA:19,1,1,2
BRDA:20,2,0,2
BRDA:20,2,1,2
BRDA:41,3,0,0
BRDA:41,3,1,0
BRDA:57,4,0,0
BRDA:57,4,1,0
BRDA:75,5,0,1
BRDA:75,5,1,1
BRDA:78,6,0,1
BRDA:78,6,1,1
BRDA:79,7,0,1
BRDA:79,7,1,1
BRDA:99,8,0,0
BRDA:99,8,1,2
BRDA:99,9,0,2
BRDA:99,9,1,2
BRDA:106,10,0,1
BRDA:106,10,1,1
BRDA:112,11,0,1
BRDA:112,11,1,0
BRDA:132,12,0,1
BRDA:132,12,1,2
BRDA:135,13,0,1
BRDA:135,13,1,1
BRDA:135,14,0,2
BRDA:135,14,1,1
BRDA:138,15,0,1
BRDA:138,15,1,0
BRDA:143,16,0,1
BRDA:143,16,1,0
BRDA:158,17,0,1
BRDA:158,17,1,0
BRDA:163,18,0,0
BRDA:163,18,1,0
BRDA:167,19,0,0
BRDA:167,19,1,0
BRF:40
BRH:26
end_of_record
TN:
SF:routes/device.js
FN:6,(anonymous_0)
FN:27,(anonymous_1)
FNF:2
FNH:2
FNDA:3,(anonymous_0)
FNDA:1,(anonymous_1)
DA:1,5
DA:2,5
DA:3,5
DA:4,5
DA:6,5
DA:14,3
DA:15,1
DA:17,2
DA:18,2
DA:19,0
DA:21,2
DA:22,2
DA:23,2
DA:24,2
DA:27,5
DA:32,1
DA:33,1
DA:36,5
LF:18
LH:17
BRDA:14,0,0,1
BRDA:14,0,1,2
BRDA:18,1,0,0
BRDA:18,1,1,2
BRF:4
BRH:3
end_of_record
TN:
SF:routes/message.js
FN:10,(anonymous_0)
FN:35,(anonymous_1)
FN:43,(anonymous_2)
FN:69,(anonymous_3)
FN:84,(anonymous_4)
FN:124,(anonymous_5)
FNF:6
FNH:5
FNDA:3,(anonymous_0)
FNDA:8,(anonymous_1)
FNDA:5,(anonymous_2)
FNDA:8,(anonymous_3)
FNDA:0,(anonymous_4)
FNDA:4,(anonymous_5)
DA:1,5
DA:2,5
DA:3,5
DA:4,5
DA:5,5
DA:6,5
DA:8,5
DA:20,3
DA:21,3
DA:22,0
DA:24,3
DA:25,0
DA:27,3
DA:28,3
DA:29,3
DA:35,8
DA:36,3
DA:37,3
DA:39,0
DA:43,5
DA:51,5
DA:52,5
DA:53,2
DA:55,3
DA:57,3
DA:58,2
DA:60,3
DA:62,0
DA:66,5
DA:82,8
DA:83,8
DA:84,0
DA:86,8
DA:87,8
DA:88,8
DA:89,0
DA:91,8
DA:92,1
DA:95,7
DA:98,7
DA:99,1
DA:101,6
DA:102,0
DA:105,6
DA:106,6
DA:107,3
DA:108,3
DA:109,3
DA:110,3
DA:111,3
DA:112,0
DA:114,3
DA:115,1
DA:118,5
DA:119,5
DA:120,5
DA:121,5
DA:124,5
DA:132,4
DA:133,4
DA:134,1
DA:136,3
DA:138,1
DA:139,1
DA:141,2
DA:143,2
DA:144,1
DA:145,1
DA:147,1
DA:149,0
DA:152,5
LF:71
LH:62
BRDA:21,0,0,0
BRDA:21,0,1,3
BRDA:24,1,0,0
BRDA:24,1,1,3
BRDA:27,2,0,3
BRDA:27,2,1,2
BRDA:28,3,0,3
BRDA:28,3,1,3
BRDA:36,4,0,3
BRDA:36,4,1,0
BRDA:52,5,0,2
BRDA:52,5,1,3
BRDA:55,6,0,3
BRDA:55,6,1,0
BRDA:55,7,0,3
BRDA:55,7,1,3
BRDA:57,8,0,2
BRDA:57,8,1,1
BRDA:57,9,0,3
BRDA:57,9,1,3
BRDA:83,10,0,0
BRDA:83,10,1,8
BRDA:88,11,0,0
BRDA:88,11,1,8
BRDA:91,12,0,1
BRDA:91,12,1,7
BRDA:98,13,0,1
BRDA:98,13,1,6
BRDA:101,14,0,0
BRDA:101,14,1,6
BRDA:105,15,0,6
BRDA:105,15,1,3
BRDA:106,16,0,3
BRDA:106,16,1,3
BRDA:106,17,0,6
BRDA:106,17,1,3
BRDA:109,18,0,0
BRDA:109,18,1,3
BRDA:109,19,0,3
BRDA:109,19,1,0
BRDA:110,20,0,1
BRDA:110,20,1,2
BRDA:110,21,0,2
BRDA:110,21,1,0
BRDA:111,22,0,0
BRDA:111,22,1,3
BRDA:114,23,0,1
BRDA:114,23,1,2
BRDA:133,24,0,1
BRDA:133,24,1,3
BRDA:136,25,0,1
BRDA:136,25,1,2
BRDA:141,26,0,2
BRDA:141,26,1,0
BRDA:143,27,0,1
BRDA:143,27,1,1
BRF:56
BRH:44
end_of_record
TN:
SF:routes/parent.js
FN:22,(anonymous_0)
FN:30,(anonymous_1)
FN:38,(anonymous_2)
FN:51,(anonymous_3)
FN:87,(anonymous_4)
FN:96,(anonymous_5)
FN:116,(anonymous_6)
FN:126,(anonymous_7)
FN:128,(anonymous_8)
FN:131,(anonymous_9)
FN:141,(anonymous_10)
FN:143,(anonymous_11)
FN:148,(anonymous_12)
FN:161,(anonymous_13)
FN:169,(anonymous_14)
FN:190,(anonymous_15)
FN:219,(anonymous_16)
FNF:17
FNH:17
FNDA:3,(anonymous_0)
FNDA:6,(anonymous_1)
FNDA:6,(anonymous_2)
FNDA:2,(anonymous_3)
FNDA:4,(anonymous_4)
FNDA:1,(anonymous_5)
FNDA:2,(anonymous_6)
FNDA:8,(anonymous_7)
FNDA:16,(anonymous_8)
FNDA:3,(anonymous_9)
FNDA:12,(anonymous_10)
FNDA:1,(anonymous_11)
FNDA:4,(anonymous_12)
FNDA:8,(anonymous_13)
FNDA:2,(anonymous_14)
FNDA:3,(anonymous_15)
FNDA:5,(anonymous_16)
DA:1,5
DA:2,5
DA:3,5
DA:4,5
DA:5,5
DA:6,5
DA:7,5
DA:8,5
DA:9,5
DA:11,5
DA:12,5
DA:13,5
DA:14,5
DA:16,5
DA:17,5
DA:19,5
DA:22,3
DA:27,5
DA:30,6
DA:35,5
DA:49,6
DA:50,6
DA:51,2
DA:53,4
DA:54,4
DA:55,4
DA:56,3
DA:57,3
DA:60,3
DA:65,3
DA:66,3
DA:68,3
DA:69,3
DA:71,3
DA:77,1
DA:80,0
DA:84,5
DA:94,4
DA:95,4
DA:96,1
DA:98,3
DA:99,3
DA:100,0
DA:102,3
DA:103,3
DA:104,1
DA:106,2
DA:107,1
DA:109,1
DA:110,1
DA:111,1
DA:112,1
DA:113,1
DA:116,5
DA:122,2
DA:123,0
DA:125,2
DA:126,8
DA:127,2
DA:128,16
DA:131,5
DA:137,3
DA:138,0
DA:140,3
DA:141,12
DA:142,3
DA:143,3
DA:146,5
DA:154,4
DA:155,4
DA:156,0
DA:158,4
DA:159,4
DA:160,3
DA:161,8
DA:163,1
DA:167,5
DA:176,2
DA:177,2
DA:178,0
DA:180,2
DA:181,2
DA:182,1
DA:184,1
DA:188,5
DA:195,3
DA:196,3
DA:197,1
DA:200,2
DA:201,2
DA:202,1
DA:203,1
DA:204,1
DA:205,1
DA:206,1
DA:209,2
DA:215,5
DA:225,5
DA:226,5
DA:227,0
DA:230,5
DA:231,5
DA:232,1
DA:235,4
DA:236,1
DA:237,1
DA:240,3
DA:241,1
DA:242,1
DA:245,2
DA:246,2
DA:247,1
DA:248,1
DA:249,1
DA:250,1
DA:253,1
DA:254,1
DA:255,1
DA:258,5
LF:119
LH:112
BRDA:13,0,0,5
BRDA:13,0,1,0
BRDA:16,1,0,5
BRDA:16,1,1,0
BRDA:17,2,0,5
BRDA:17,2,1,5
BRDA:22,3,0,3
BRDA:22,3,1,0
BRDA:30,4,0,6
BRDA:30,4,1,0
BRDA:50,5,0,2
BRDA:50,5,1,4
BRDA:55,6,0,3
BRDA:55,6,1,1
BRDA:95,7,0,1
BRDA:95,7,1,3
BRDA:99,8,0,0
BRDA:99,8,1,3
BRDA:103,9,0,1
BRDA:103,9,1,2
BRDA:106,10,0,1
BRDA:106,10,1,1
BRDA:122,11,0,0
BRDA:122,11,1,2
BRDA:137,12,0,0
BRDA:137,12,1,3
BRDA:155,13,0,0
BRDA:155,13,1,4
BRDA:159,14,0,3
BRDA:159,14,1,1
BRDA:177,15,0,0
BRDA:177,15,1,2
BRDA:181,16,0,1
BRDA:181,16,1,1
BRDA:196,17,0,1
BRDA:196,17,1,2
BRDA:201,18,0,1
BRDA:201,18,1,1
BRDA:226,19,0,0
BRDA:226,19,1,5
BRDA:231,20,0,1
BRDA:231,20,1,4
BRDA:231,21,0,5
BRDA:231,21,1,5
BRDA:231,21,2,4
BRDA:235,22,0,1
BRDA:235,22,1,3
BRDA:240,23,0,1
BRDA:240,23,1,2
BRDA:246,24,0,1
BRDA:246,24,1,1
BRF:51
BRH:41
end_of_record
TN:
SF:routes/sync.js
FN:11,(anonymous_0)
FN:22,(anonymous_1)
FNF:2
FNH:1
FNDA:0,(anonymous_0)
FNDA:8,(anonymous_1)
DA:1,5
DA:2,5
DA:3,5
DA:4,5
DA:5,5
DA:6,5
DA:8,5
DA:11,5
DA:16,0
DA:17,0
DA:18,0
DA:22,5
DA:29,8
DA:30,8
DA:33,7
DA:34,7
DA:36,1
DA:39,6
DA:40,0
DA:43,6
DA:45,6
DA:46,6
DA:47,0
DA:51,6
DA:52,6
DA:53,0
DA:57,6
DA:58,6
DA:59,6
DA:60,0
DA:62,6
DA:63,6
DA:64,6
DA:65,3
DA:68,6
DA:69,6
DA:73,6
DA:75,6
DA:76,6
DA:77,6
DA:78,2
DA:88,6
DA:89,6
DA:90,6
DA:91,3
DA:99,6
DA:100,6
DA:102,0
DA:106,5
LF:49
LH:41
BRDA:17,0,0,0
BRDA:17,0,1,0
BRDA:30,1,0,1
BRDA:30,1,1,7
BRDA:39,2,0,0
BRDA:39,2,1,6
BRDA:46,3,0,0
BRDA:46,3,1,6
BRDA:46,4,0,6
BRDA:46,4,1,3
BRDA:52,5,0,0
BRDA:52,5,1,6
BRDA:52,6,0,6
BRDA:52,6,1,6
BRDA:57,7,0,6
BRDA:57,7,1,0
BRDA:59,8,0,0
BRDA:59,8,1,6
BRDA:59,9,0,6
BRDA:59,9,1,6
BRDA:62,10,0,6
BRDA:62,10,1,0
BRDA:64,11,0,3
BRDA:64,11,1,3
BRDA:68,12,0,6
BRDA:68,12,1,0
BRDA:73,13,0,0
BRDA:73,13,1,6
BRDA:75,14,0,6
BRDA:75,14,1,0
BRDA:77,15,0,2
BRDA:77,15,1,4
BRDA:88,16,0,6
BRDA:88,16,1,0
BRF:34
BRH:22
end_of_record
TN:
SF:routes/user.js
FN:8,connectVirtualUser
FN:18,(anonymous_1)
FN:46,(anonymous_2)
FN:56,(anonymous_3)
FN:70,(anonymous_4)
FN:84,(anonymous_5)
FN:105,(anonymous_6)
FNF:7
FNH:3
FNDA:3,connectVirtualUser
FNDA:3,(anonymous_1)
FNDA:2,(anonymous_2)
FNDA:0,(anonymous_3)
FNDA:0,(anonymous_4)
FNDA:0,(anonymous_5)
FNDA:0,(anonymous_6)
DA:1,5
DA:2,5
DA:3,5
DA:4,5
DA:5,5
DA:6,5
DA:9,3
DA:10,3
DA:11,3
DA:18,5
DA:31,3
DA:32,0
DA:34,3
DA:35,1
DA:36,1
DA:37,1
DA:38,1
DA:39,1
DA:42,2
DA:47,2
DA:48,2
DA:49,2
DA:50,2
DA:51,2
DA:52,2
DA:56,5
DA:62,0
DA:63,0
DA:64,0
DA:66,0
DA:70,5
DA:76,0
DA:77,0
DA:78,0
DA:80,0
DA:84,5
DA:91,0
DA:92,0
DA:93,0
DA:95,0
DA:96,0
DA:98,0
DA:99,0
DA:101,0
DA:102,0
DA:105,5
DA:113,0
DA:114,0
DA:115,0
DA:117,0
DA:118,0
DA:121,0
DA:124,0
DA:125,0
DA:128,0
DA:129,0
DA:130,0
DA:131,0
DA:132,0
DA:135,5
LF:60
LH:29
BRDA:10,0,0,3
BRDA:10,0,1,0
BRDA:31,1,0,0
BRDA:31,1,1,3
BRDA:34,2,0,1
BRDA:34,2,1,2
BRDA:34,3,0,3
BRDA:34,3,1,1
BRDA:47,4,0,0
BRDA:47,4,1,2
BRDA:63,5,0,0
BRDA:63,5,1,0
BRDA:77,6,0,0
BRDA:77,6,1,0
BRDA:92,7,0,0
BRDA:92,7,1,0
BRDA:95,8,0,0
BRDA:95,8,1,0
BRDA:98,9,0,0
BRDA:98,9,1,0
BRDA:98,10,0,0
BRDA:98,10,1,0
BRDA:114,11,0,0
BRDA:114,11,1,0
BRDA:117,12,0,0
BRDA:117,12,1,0
BRF:26
BRH:7
end_of_record
TN:
SF:services/auth.js
FN:5,parentAuth
FN:14,userAuth
FNF:2
FNH:2
FNDA:5,parentAuth
FNDA:4,userAuth
DA:1,5
DA:2,5
DA:3,5
DA:6,5
DA:7,5
DA:8,1
DA:10,4
DA:11,4
DA:15,4
DA:16,4
DA:17,4
DA:19,4
DA:20,4
DA:21,1
DA:25,3
DA:26,3
DA:28,0
DA:31,3
DA:32,1
DA:35,2
DA:36,2
DA:37,0
DA:39,2
DA:40,0
DA:43,2
DA:46,5
LF:26
LH:23
BRDA:7,0,0,1
BRDA:7,0,1,4
BRDA:7,1,0,5
BRDA:7,1,1,4
BRDA:11,2,0,3
BRDA:11,2,1,1
BRDA:20,3,0,1
BRDA:20,3,1,3
BRDA:31,4,0,1
BRDA:31,4,1,2
BRDA:36,5,0,0
BRDA:36,5,1,2
BRDA:39,6,0,0
BRDA:39,6,1,2
BRF:14
BRH:12
end_of_record
TN:
SF:services/email.js
FN:9,sendResetOtp
FNF:1
FNH:0
FNDA:0,sendResetOtp
DA:1,4
DA:3,4
DA:7,4
DA:10,0
DA:11,0
DA:12,0
DA:15,0
DA:23,4
LF:8
LH:4
BRDA:3,0,0,0
BRDA:3,0,1,4
BRDA:7,1,0,4
BRDA:7,1,1,4
BRDA:10,2,0,0
BRDA:10,2,1,0
BRF:6
BRH:3
end_of_record
TN:
SF:services/stateCert.js
FN:6,generateStateCert
FN:11,(anonymous_1)
FN:20,(anonymous_2)
FNF:3
FNH:3
FNDA:20,generateStateCert
FNDA:38,(anonymous_1)
FNDA:47,(anonymous_2)
DA:1,5
DA:2,5
DA:4,5
DA:7,20
DA:8,20
DA:10,20
DA:11,20
DA:12,38
DA:13,38
DA:14,38
DA:20,47
DA:24,20
DA:33,20
DA:36,5
LF:14
LH:14
BRDA:8,0,0,0
BRDA:8,0,1,20
BRDA:19,1,0,26
BRDA:19,1,1,12
BRF:4
BRH:3
end_of_record
TN:
SF:services/systemMessage.js
FN:5,sendSystemMessage
FNF:1
FNH:1
FNDA:2,sendSystemMessage
DA:1,5
DA:2,5
DA:3,5
DA:6,2
DA:13,2
DA:14,2
DA:17,5
LF:7
LH:7
BRF:0
BRH:0
end_of_record
TN:
SF:services/websocket.js
FN:8,setupWebSocket
FN:11,(anonymous_1)
FN:20,(anonymous_2)
FN:31,(anonymous_3)
FN:38,(anonymous_4)
FN:50,(anonymous_5)
FN:51,(anonymous_6)
FN:60,(anonymous_7)
FN:66,notify
FN:70,(anonymous_9)
FN:78,isOnline
FNF:11
FNH:7
FNDA:1,setupWebSocket
FNDA:5,(anonymous_1)
FNDA:4,(anonymous_2)
FNDA:0,(anonymous_3)
FNDA:2,(anonymous_4)
FNDA:0,(anonymous_5)
FNDA:0,(anonymous_6)
FNDA:0,(anonymous_7)
FNDA:11,notify
FNDA:1,(anonymous_9)
FNDA:2,isOnline
DA:1,5
DA:2,5
DA:4,5
DA:5,5
DA:6,5
DA:9,1
DA:11,1
DA:12,5
DA:13,5
DA:15,5
DA:16,1
DA:17,1
DA:20,4
DA:21,4
DA:22,1
DA:23,1
DA:26,3
DA:27,3
DA:28,3
DA:29,3
DA:31,3
DA:33,3
DA:34,3
DA:36,3
DA:38,3
DA:39,2
DA:40,2
DA:41,2
DA:42,2
DA:43,2
DA:50,1
DA:51,0
DA:52,0
DA:53,0
DA:54,0
DA:56,0
DA:60,1
DA:61,1
DA:63,1
DA:67,11
DA:68,11
DA:69,1
DA:70,1
DA:71,1
DA:72,1
DA:79,2
DA:82,5
LF:47
LH:42
BRDA:15,0,0,1
BRDA:15,0,1,4
BRDA:21,1,0,1
BRDA:21,1,1,3
BRDA:33,2,0,3
BRDA:33,2,1,0
BRDA:40,3,0,2
BRDA:40,3,1,0
BRDA:42,4,0,2
BRDA:42,4,1,0
BRDA:52,5,0,0
BRDA:52,5,1,0
BRDA:56,6,0,0
BRDA:56,6,1,0
BRDA:68,7,0,1
BRDA:68,7,1,10
BRDA:71,8,0,1
BRDA:71,8,1,0
BRDA:79,9,0,2
BRDA:79,9,1,1
BRF:20
BRH:12
end_of_record
